[criccoder264.pages.dev/SSH.html]
[backblue.gif]
[fade.gif]
[index.html]
[cxh.pages.dev/style.css]
[content.jwplatform.com/libraries/KB5zFt7A.js]
[criccoder264.pages.dev/SSH.html]
[cxh.pages.dev/style.css]
[criccoder264.pages.dev/ZpMb448I.html]
[criccoder264.pages.dev/DROID/mid/index.html]
[criccoder264.pages.dev/DROID/mid/index.html]
[criccoder264.pages.dev/ZpMb448I.html]
[criccoder264.pages.dev/index.html]
[criccoder264.pages.dev/legram.me/index.html]
[criccoder264.pages.dev/legram.me/index.html]
[criccoder264.pages.dev/index.html]
[criccoder264.pages.dev/DROID/mid/legram.me/index.html]
[criccoder264.pages.dev/DROID/mid/legram.me/index.html]
[criccoder264.pages.dev/legram.me/legram.me/index.html]
[criccoder264.pages.dev/legram.me/legram.me/index.html]
[criccoder264.pages.dev/DROID/mid/legram.me/legram.me/index.html]
[criccoder264.pages.dev/DROID/mid/legram.me/legram.me/index.html]
[criccoder264.pages.dev/legram.me/legram.me/legram.me/index.html]
[criccoder264.pages.dev/legram.me/legram.me/legram.me/index.html]
[criccoder264.pages.dev/DROID/mid/legram.me/legram.me/legram.me/index.html]
[criccoder264.pages.dev/DROID/mid/legram.me/legram.me/legram.me/index.html]
[criccoder264.pages.dev/legram.me/legram.me/legram.me/legram.me/index.html]
[criccoder264.pages.dev/legram.me/legram.me/legram.me/legram.me/index.html]
[criccoder264.pages.dev/DROID/mid/legram.me/legram.me/legram.me/legram.me/index.html]
[criccoder264.pages.dev/DROID/mid/legram.me/legram.me/legram.me/legram.me/index.html]
[criccoder264.pages.dev/legram.me/legram.me/legram.me/legram.me/legram.me/index.html]
[criccoder264.pages.dev/legram.me/legram.me/legram.me/legram.me/legram.me/index.html]
[criccoder264.pages.dev/DROID/mid/legram.me/legram.me/legram.me/legram.me/legram.me/index.html]
[criccoder264.pages.dev/DROID/mid/legram.me/legram.me/legram.me/legram.me/legram.me/index.html]
[criccoder264.pages.dev/legram.me/legram.me/legram.me/legram.me/legram.me/legram.me/index.html]
[criccoder264.pages.dev/legram.me/legram.me/legram.me/legram.me/legram.me/legram.me/index.html]
[criccoder264.pages.dev/DROID/mid/legram.me/legram.me/legram.me/legram.me/legram.me/legram.me/index.html]
[criccoder264.pages.dev/DROID/mid/legram.me/legram.me/legram.me/legram.me/legram.me/legram.me/index.html]
[criccoder264.pages.dev/legram.me/legram.me/legram.me/legram.me/legram.me/legram.me/legram.me/index.html]
[criccoder264.pages.dev/legram.me/legram.me/legram.me/legram.me/legram.me/legram.me/legram.me/index.html]
[criccoder264.pages.dev/DROID/mid/legram.me/legram.me/legram.me/legram.me/legram.me/legram.me/legram.me/index.html]
[criccoder264.pages.dev/DROID/mid/legram.me/legram.me/legram.me/legram.me/legram.me/legram.me/legram.me/index.html]
[criccoder264.pages.dev/legram.me/legram.me/legram.me/legram.me/legram.me/legram.me/legram.me/legram.me/index.html]
[criccoder264.pages.dev/legram.me/legram.me/legram.me/legram.me/legram.me/legram.me/legram.me/legram.me/index.html]
[criccoder264.pages.dev/DROID/mid/legram.me/legram.me/legram.me/legram.me/legram.me/legram.me/legram.me/legram.me/index.html]
[criccoder264.pages.dev/DROID/mid/legram.me/legram.me/legram.me/legram.me/legram.me/legram.me/legram.me/legram.me/index.html]
[criccoder264.pages.dev/legram.me/legram.me/legram.me/legram.me/legram.me/legram.me/legram.me/legram.me/legram.me/index.html]
[criccoder264.pages.dev/legram.me/legram.me/legram.me/legram.me/legram.me/legram.me/legram.me/legram.me/legram.me/index.html]
[criccoder264.pages.dev/DROID/mid/legram.me/legram.me/legram.me/legram.me/legram.me/legram.me/legram.me/legram.me/legram.me/index.html]
[criccoder264.pages.dev/DROID/mid/legram.me/legram.me/legram.me/legram.me/legram.me/legram.me/legram.me/legram.me/legram.me/index.html]
[criccoder264.pages.dev/legram.me/legram.me/legram.me/legram.me/legram.me/legram.me/legram.me/legram.me/legram.me/legram.me/index.html]
[criccoder264.pages.dev/legram.me/legram.me/legram.me/legram.me/legram.me/legram.me/legram.me/legram.me/legram.me/legram.me/index.html]
[criccoder264.pages.dev/DROID/mid/legram.me/legram.me/legram.me/legram.me/legram.me/legram.me/legram.me/legram.me/legram.me/legram.me/index.html]
[criccoder264.pages.dev/DROID/mid/legram.me/legram.me/legram.me/legram.me/legram.me/legram.me/legram.me/legram.me/legram.me/legram.me/index.html]
[criccoder264.pages.dev/legram.me/legram.me/legram.me/legram.me/legram.me/legram.me/legram.me/legram.me/legram.me/legram.me/legram.me/index.html]
[criccoder264.pages.dev/legram.me/legram.me/legram.me/legram.me/legram.me/legram.me/legram.me/legram.me/legram.me/legram.me/legram.me/index.html]
[criccoder264.pages.dev/DROID/mid/legram.me/legram.me/legram.me/legram.me/legram.me/legram.me/legram.me/legram.me/legram.me/legram.me/legram.me/index.html]
[criccoder264.pages.dev/DROID/mid/legram.me/legram.me/legram.me/legram.me/legram.me/legram.me/legram.me/legram.me/legram.me/legram.me/legram.me/index.html]
[criccoder264.pages.dev/legram.me/legram.me/legram.me/legram.me/legram.me/legram.me/legram.me/legram.me/legram.me/legram.me/legram.me/legram.me/index.html]
[criccoder264.pages.dev/legram.me/legram.me/legram.me/legram.me/legram.me/legram.me/legram.me/legram.me/legram.me/legram.me/legram.me/legram.me/index.html]
[criccoder264.pages.dev/DROID/mid/legram.me/legram.me/legram.me/legram.me/legram.me/legram.me/legram.me/legram.me/legram.me/legram.me/legram.me/legram.me/index.html]
[criccoder264.pages.dev/DROID/mid/legram.me/legram.me/legram.me/legram.me/legram.me/legram.me/legram.me/legram.me/legram.me/legram.me/legram.me/legram.me/index.html]
[criccoder264.pages.dev/legram.me/legram.me/legram.me/legram.me/legram.me/legram.me/legram.me/legram.me/legram.me/legram.me/legram.me/legram.me/legram.me/index.html]
[criccoder264.pages.dev/legram.me/legram.me/legram.me/legram.me/legram.me/legram.me/legram.me/legram.me/legram.me/legram.me/legram.me/legram.me/legram.me/index.html]
[criccoder264.pages.dev/DROID/mid/legram.me/legram.me/legram.me/legram.me/legram.me/legram.me/legram.me/legram.me/legram.me/legram.me/legram.me/legram.me/legram.me/index.html]
[criccoder264.pages.dev/DROID/mid/legram.me/legram.me/legram.me/legram.me/legram.me/legram.me/legram.me/legram.me/legram.me/legram.me/legram.me/legram.me/legram.me/index.html]
[criccoder264.pages.dev/legram.me/legram.me/legram.me/legram.me/legram.me/legram.me/legram.me/legram.me/legram.me/legram.me/legram.me/legram.me/legram.me/legram.me/index.html]
[criccoder264.pages.dev/legram.me/legram.me/legram.me/legram.me/legram.me/legram.me/legram.me/legram.me/legram.me/legram.me/legram.me/legram.me/legram.me/legram.me/index.html]
[criccoder264.pages.dev/DROID/mid/legram.me/legram.me/legram.me/legram.me/legram.me/legram.me/legram.me/legram.me/legram.me/legram.me/legram.me/legram.me/legram.me/legram.me/index.html]
[criccoder264.pages.dev/DROID/mid/legram.me/legram.me/legram.me/legram.me/legram.me/legram.me/legram.me/legram.me/legram.me/legram.me/legram.me/legram.me/legram.me/legram.me/index.html]
[criccoder264.pages.dev/legram.me/legram.me/legram.me/legram.me/legram.me/legram.me/legram.me/legram.me/legram.me/legram.me/legram.me/legram.me/legram.me/legram.me/legram.me/index.html]
[criccoder264.pages.dev/legram.me/legram.me/legram.me/legram.me/legram.me/legram.me/legram.me/legram.me/legram.me/legram.me/legram.me/legram.me/legram.me/legram.me/legram.me/index.html]
[criccoder264.pages.dev/DROID/mid/legram.me/legram.me/legram.me/legram.me/legram.me/legram.me/legram.me/legram.me/legram.me/legram.me/legram.me/legram.me/legram.me/legram.me/legram.me/index.html]
[criccoder264.pages.dev/DROID/mid/legram.me/legram.me/legram.me/legram.me/legram.me/legram.me/legram.me/legram.me/legram.me/legram.me/legram.me/legram.me/legram.me/legram.me/legram.me/index.html]
[criccoder264.pages.dev/legram.me/legram.me/legram.me/legram.me/legram.me/legram.me/legram.me/legram.me/legram.me/legram.me/legram.me/legram.me/legram.me/legram.me/legram.me/legram.me/index.html]
[criccoder264.pages.dev/legram.me/legram.me/legram.me/legram.me/legram.me/legram.me/legram.me/legram.me/legram.me/legram.me/legram.me/legram.me/legram.me/legram.me/legram.me/legram.me/index.html]
[criccoder264.pages.dev/DROID/mid/legram.me/legram.me/legram.me/legram.me/legram.me/legram.me/legram.me/legram.me/legram.me/legram.me/legram.me/legram.me/legram.me/legram.me/legram.me/legram.me/index.html]
[criccoder264.pages.dev/DROID/mid/legram.me/legram.me/legram.me/legram.me/legram.me/legram.me/legram.me/legram.me/legram.me/legram.me/legram.me/legram.me/legram.me/legram.me/legram.me/legram.me/index.html]
[criccoder264.pages.dev/legram.me/legram.me/legram.me/legram.me/legram.me/legram.me/legram.me/legram.me/legram.me/legram.me/legram.me/legram.me/legram.me/legram.me/legram.me/legram.me/legram.me/index.html]
[criccoder264.pages.dev/legram.me/legram.me/legram.me/legram.me/legram.me/legram.me/legram.me/legram.me/legram.me/legram.me/legram.me/legram.me/legram.me/legram.me/legram.me/legram.me/legram.me/index.html]
[criccoder264.pages.dev/DROID/mid/legram.me/legram.me/legram.me/legram.me/legram.me/legram.me/legram.me/legram.me/legram.me/legram.me/legram.me/legram.me/legram.me/legram.me/legram.me/legram.me/legram.me/index.html]
[criccoder264.pages.dev/DROID/mid/legram.me/legram.me/legram.me/legram.me/legram.me/legram.me/legram.me/legram.me/legram.me/legram.me/legram.me/legram.me/legram.me/legram.me/legram.me/legram.me/legram.me/index.html]
[criccoder264.pages.dev/legram.me/legram.me/legram.me/legram.me/legram.me/legram.me/legram.me/legram.me/legram.me/legram.me/legram.me/legram.me/legram.me/legram.me/legram.me/legram.me/legram.me/legram.me/index.html]
[criccoder264.pages.dev/legram.me/legram.me/legram.me/legram.me/legram.me/legram.me/legram.me/legram.me/legram.me/legram.me/legram.me/legram.me/legram.me/legram.me/legram.me/legram.me/legram.me/legram.me/index.html]
[criccoder264.pages.dev/DROID/mid/legram.me/legram.me/legram.me/legram.me/legram.me/legram.me/legram.me/legram.me/legram.me/legram.me/legram.me/legram.me/legram.me/legram.me/legram.me/legram.me/legram.me/legram.me/index.html]
[criccoder264.pages.dev/DROID/mid/legram.me/legram.me/legram.me/legram.me/legram.me/legram.me/legram.me/legram.me/legram.me/legram.me/legram.me/legram.me/legram.me/legram.me/legram.me/legram.me/legram.me/legram.me/index.html]
[criccoder264.pages.dev/legram.me/legram.me/legram.me/legram.me/legram.me/legram.me/legram.me/legram.me/legram.me/legram.me/legram.me/legram.me/legram.me/legram.me/legram.me/legram.me/legram.me/legram.me/legram.me/index.html]
[criccoder264.pages.dev/legram.me/legram.me/legram.me/legram.me/legram.me/legram.me/legram.me/legram.me/legram.me/legram.me/legram.me/legram.me/legram.me/legram.me/legram.me/legram.me/legram.me/legram.me/legram.me/index.html]
[criccoder264.pages.dev/DROID/mid/legram.me/legram.me/legram.me/legram.me/legram.me/legram.me/legram.me/legram.me/legram.me/legram.me/legram.me/legram.me/legram.me/legram.me/legram.me/legram.me/legram.me/legram.me/index-2.html]
[criccoder264.pages.dev/DROID/mid/legram.me/legram.me/legram.me/legram.me/legram.me/legram.me/legram.me/legram.me/legram.me/legram.me/legram.me/legram.me/legram.me/legram.me/legram.me/legram.me/legram.me/legram.me/index-2.html]
[criccoder264.pages.dev/legram.me/legram.me/legram.me/legram.me/legram.me/legram.me/legram.me/legram.me/legram.me/legram.me/legram.me/legram.me/legram.me/legram.me/legram.me/legram.me/legram.me/legram.me/legram.me/index-2.html]
[criccoder264.pages.dev/legram.me/legram.me/legram.me/legram.me/legram.me/legram.me/legram.me/legram.me/legram.me/legram.me/legram.me/legram.me/legram.me/legram.me/legram.me/legram.me/legram.me/legram.me/legram.me/index-2.html]
[criccoder264.pages.dev/DROID/mid/legram.me/legram.me/legram.me/legram.me/legram.me/legram.me/legram.me/legram.me/legram.me/legram.me/legram.me/legram.me/legram.me/legram.me/legram.me/legram.me/legram.me/legram.me/index-3.html]
[criccoder264.pages.dev/DROID/mid/legram.me/legram.me/legram.me/legram.me/legram.me/legram.me/legram.me/legram.me/legram.me/legram.me/legram.me/legram.me/legram.me/legram.me/legram.me/legram.me/legram.me/legram.me/index-3.html]
[criccoder264.pages.dev/legram.me/legram.me/legram.me/legram.me/legram.me/legram.me/legram.me/legram.me/legram.me/legram.me/legram.me/legram.me/legram.me/legram.me/legram.me/legram.me/legram.me/legram.me/legram.me/index-3.html]
[criccoder264.pages.dev/legram.me/legram.me/legram.me/legram.me/legram.me/legram.me/legram.me/legram.me/legram.me/legram.me/legram.me/legram.me/legram.me/legram.me/legram.me/legram.me/legram.me/legram.me/legram.me/index-3.html]
[criccoder264.pages.dev/DROID/mid/legram.me/legram.me/legram.me/legram.me/legram.me/legram.me/legram.me/legram.me/legram.me/legram.me/legram.me/legram.me/legram.me/legram.me/legram.me/legram.me/legram.me/legram.me/index-4.html]
[criccoder264.pages.dev/DROID/mid/legram.me/legram.me/legram.me/legram.me/legram.me/legram.me/legram.me/legram.me/legram.me/legram.me/legram.me/legram.me/legram.me/legram.me/legram.me/legram.me/legram.me/legram.me/index-4.html]
[criccoder264.pages.dev/legram.me/legram.me/legram.me/legram.me/legram.me/legram.me/legram.me/legram.me/legram.me/legram.me/legram.me/legram.me/legram.me/legram.me/legram.me/legram.me/legram.me/legram.me/legram.me/index-4.html]
[criccoder264.pages.dev/legram.me/legram.me/legram.me/legram.me/legram.me/legram.me/legram.me/legram.me/legram.me/legram.me/legram.me/legram.me/legram.me/legram.me/legram.me/legram.me/legram.me/legram.me/legram.me/index-4.html]
[criccoder264.pages.dev/DROID/mid/legram.me/legram.me/legram.me/legram.me/legram.me/legram.me/legram.me/legram.me/legram.me/legram.me/legram.me/legram.me/legram.me/legram.me/legram.me/legram.me/legram.me/legram.me/index-5.html]
[criccoder264.pages.dev/DROID/mid/legram.me/legram.me/legram.me/legram.me/legram.me/legram.me/legram.me/legram.me/legram.me/legram.me/legram.me/legram.me/legram.me/legram.me/legram.me/legram.me/legram.me/legram.me/index-5.html]
[criccoder264.pages.dev/legram.me/legram.me/legram.me/legram.me/legram.me/legram.me/legram.me/legram.me/legram.me/legram.me/legram.me/legram.me/legram.me/legram.me/legram.me/legram.me/legram.me/legram.me/legram.me/index-5.html]
[criccoder264.pages.dev/legram.me/legram.me/legram.me/legram.me/legram.me/legram.me/legram.me/legram.me/legram.me/legram.me/legram.me/legram.me/legram.me/legram.me/legram.me/legram.me/legram.me/legram.me/legram.me/index-5.html]
[criccoder264.pages.dev/DROID/mid/legram.me/legram.me/legram.me/legram.me/legram.me/legram.me/legram.me/legram.me/legram.me/legram.me/legram.me/legram.me/legram.me/legram.me/legram.me/legram.me/legram.me/legram.me/index-6.html]
[criccoder264.pages.dev/DROID/mid/legram.me/legram.me/legram.me/legram.me/legram.me/legram.me/legram.me/legram.me/legram.me/legram.me/legram.me/legram.me/legram.me/legram.me/legram.me/legram.me/legram.me/legram.me/index-6.html]
[criccoder264.pages.dev/legram.me/legram.me/legram.me/legram.me/legram.me/legram.me/legram.me/legram.me/legram.me/legram.me/legram.me/legram.me/legram.me/legram.me/legram.me/legram.me/legram.me/legram.me/legram.me/index-6.html]
[criccoder264.pages.dev/legram.me/legram.me/legram.me/legram.me/legram.me/legram.me/legram.me/legram.me/legram.me/legram.me/legram.me/legram.me/legram.me/legram.me/legram.me/legram.me/legram.me/legram.me/legram.me/index-6.html]
[criccoder264.pages.dev/DROID/mid/legram.me/legram.me/legram.me/legram.me/legram.me/legram.me/legram.me/legram.me/legram.me/legram.me/legram.me/legram.me/legram.me/legram.me/legram.me/legram.me/legram.me/legram.me/index-7.html]
[criccoder264.pages.dev/DROID/mid/legram.me/legram.me/legram.me/legram.me/legram.me/legram.me/legram.me/legram.me/legram.me/legram.me/legram.me/legram.me/legram.me/legram.me/legram.me/legram.me/legram.me/legram.me/index-7.html]
[criccoder264.pages.dev/legram.me/legram.me/legram.me/legram.me/legram.me/legram.me/legram.me/legram.me/legram.me/legram.me/legram.me/legram.me/legram.me/legram.me/legram.me/legram.me/legram.me/legram.me/legram.me/index-7.html]
[criccoder264.pages.dev/DROID/mid/legram.me/legram.me/legram.me/legram.me/legram.me/legram.me/legram.me/legram.me/legram.me/legram.me/legram.me/legram.me/legram.me/legram.me/legram.me/legram.me/legram.me/legram.me/index-8.html]
[criccoder264.pages.dev/legram.me/legram.me/legram.me/legram.me/legram.me/legram.me/legram.me/legram.me/legram.me/legram.me/legram.me/legram.me/legram.me/legram.me/legram.me/legram.me/legram.me/legram.me/legram.me/index-7.html]
[criccoder264.pages.dev/DROID/mid/legram.me/legram.me/legram.me/legram.me/legram.me/legram.me/legram.me/legram.me/legram.me/legram.me/legram.me/legram.me/legram.me/legram.me/legram.me/legram.me/legram.me/legram.me/index-8.html]
[criccoder264.pages.dev/legram.me/legram.me/legram.me/legram.me/legram.me/legram.me/legram.me/legram.me/legram.me/legram.me/legram.me/legram.me/legram.me/legram.me/legram.me/legram.me/legram.me/legram.me/legram.me/index-8.html]
[criccoder264.pages.dev/legram.me/legram.me/legram.me/legram.me/legram.me/legram.me/legram.me/legram.me/legram.me/legram.me/legram.me/legram.me/legram.me/legram.me/legram.me/legram.me/legram.me/legram.me/legram.me/index-8.html]
[criccoder264.pages.dev/DROID/mid/legram.me/legram.me/legram.me/legram.me/legram.me/legram.me/legram.me/legram.me/legram.me/legram.me/legram.me/legram.me/legram.me/legram.me/legram.me/legram.me/legram.me/legram.me/index-9.html]
[criccoder264.pages.dev/DROID/mid/legram.me/legram.me/legram.me/legram.me/legram.me/legram.me/legram.me/legram.me/legram.me/legram.me/legram.me/legram.me/legram.me/legram.me/legram.me/legram.me/legram.me/legram.me/index-9.html]
[criccoder264.pages.dev/legram.me/legram.me/legram.me/legram.me/legram.me/legram.me/legram.me/legram.me/legram.me/legram.me/legram.me/legram.me/legram.me/legram.me/legram.me/legram.me/legram.me/legram.me/legram.me/index-9.html]
[criccoder264.pages.dev/legram.me/legram.me/legram.me/legram.me/legram.me/legram.me/legram.me/legram.me/legram.me/legram.me/legram.me/legram.me/legram.me/legram.me/legram.me/legram.me/legram.me/legram.me/legram.me/index-9.html]
[criccoder264.pages.dev/DROID/mid/legram.me/legram.me/legram.me/legram.me/legram.me/legram.me/legram.me/legram.me/legram.me/legram.me/legram.me/legram.me/legram.me/legram.me/legram.me/legram.me/legram.me/legram.me/index-10.html]
[criccoder264.pages.dev/DROID/mid/legram.me/legram.me/legram.me/legram.me/legram.me/legram.me/legram.me/legram.me/legram.me/legram.me/legram.me/legram.me/legram.me/legram.me/legram.me/legram.me/legram.me/legram.me/index-10.html]
[criccoder264.pages.dev/legram.me/legram.me/legram.me/legram.me/legram.me/legram.me/legram.me/legram.me/legram.me/legram.me/legram.me/legram.me/legram.me/legram.me/legram.me/legram.me/legram.me/legram.me/legram.me/index-10.html]
[criccoder264.pages.dev/legram.me/legram.me/legram.me/legram.me/legram.me/legram.me/legram.me/legram.me/legram.me/legram.me/legram.me/legram.me/legram.me/legram.me/legram.me/legram.me/legram.me/legram.me/legram.me/index-10.html]
[criccoder264.pages.dev/DROID/mid/legram.me/legram.me/legram.me/legram.me/legram.me/legram.me/legram.me/legram.me/legram.me/legram.me/legram.me/legram.me/legram.me/legram.me/legram.me/legram.me/legram.me/legram.me/index-11.html]
[criccoder264.pages.dev/DROID/mid/legram.me/legram.me/legram.me/legram.me/legram.me/legram.me/legram.me/legram.me/legram.me/legram.me/legram.me/legram.me/legram.me/legram.me/legram.me/legram.me/legram.me/legram.me/index-11.html]
[criccoder264.pages.dev/legram.me/legram.me/legram.me/legram.me/legram.me/legram.me/legram.me/legram.me/legram.me/legram.me/legram.me/legram.me/legram.me/legram.me/legram.me/legram.me/legram.me/legram.me/legram.me/index-11.html]
[criccoder264.pages.dev/legram.me/legram.me/legram.me/legram.me/legram.me/legram.me/legram.me/legram.me/legram.me/legram.me/legram.me/legram.me/legram.me/legram.me/legram.me/legram.me/legram.me/legram.me/legram.me/index-11.html]
[criccoder264.pages.dev/DROID/mid/legram.me/legram.me/legram.me/legram.me/legram.me/legram.me/legram.me/legram.me/legram.me/legram.me/legram.me/legram.me/legram.me/legram.me/legram.me/legram.me/legram.me/legram.me/index-12.html]
[criccoder264.pages.dev/DROID/mid/legram.me/legram.me/legram.me/legram.me/legram.me/legram.me/legram.me/legram.me/legram.me/legram.me/legram.me/legram.me/legram.me/legram.me/legram.me/legram.me/legram.me/legram.me/index-12.html]
[criccoder264.pages.dev/legram.me/legram.me/legram.me/legram.me/legram.me/legram.me/legram.me/legram.me/legram.me/legram.me/legram.me/legram.me/legram.me/legram.me/legram.me/legram.me/legram.me/legram.me/legram.me/index-12.html]
[criccoder264.pages.dev/legram.me/legram.me/legram.me/legram.me/legram.me/legram.me/legram.me/legram.me/legram.me/legram.me/legram.me/legram.me/legram.me/legram.me/legram.me/legram.me/legram.me/legram.me/legram.me/index-12.html]
[criccoder264.pages.dev/DROID/mid/legram.me/legram.me/legram.me/legram.me/legram.me/legram.me/legram.me/legram.me/legram.me/legram.me/legram.me/legram.me/legram.me/legram.me/legram.me/legram.me/legram.me/legram.me/index-13.html]
[criccoder264.pages.dev/DROID/mid/legram.me/legram.me/legram.me/legram.me/legram.me/legram.me/legram.me/legram.me/legram.me/legram.me/legram.me/legram.me/legram.me/legram.me/legram.me/legram.me/legram.me/legram.me/index-13.html]
[criccoder264.pages.dev/legram.me/legram.me/legram.me/legram.me/legram.me/legram.me/legram.me/legram.me/legram.me/legram.me/legram.me/legram.me/legram.me/legram.me/legram.me/legram.me/legram.me/legram.me/legram.me/index-13.html]
[criccoder264.pages.dev/legram.me/legram.me/legram.me/legram.me/legram.me/legram.me/legram.me/legram.me/legram.me/legram.me/legram.me/legram.me/legram.me/legram.me/legram.me/legram.me/legram.me/legram.me/legram.me/index-13.html]
[criccoder264.pages.dev/DROID/mid/legram.me/legram.me/legram.me/legram.me/legram.me/legram.me/legram.me/legram.me/legram.me/legram.me/legram.me/legram.me/legram.me/legram.me/legram.me/legram.me/legram.me/legram.me/index-14.html]
[criccoder264.pages.dev/DROID/mid/legram.me/legram.me/legram.me/legram.me/legram.me/legram.me/legram.me/legram.me/legram.me/legram.me/legram.me/legram.me/legram.me/legram.me/legram.me/legram.me/legram.me/legram.me/index-14.html]
[criccoder264.pages.dev/legram.me/legram.me/legram.me/legram.me/legram.me/legram.me/legram.me/legram.me/legram.me/legram.me/legram.me/legram.me/legram.me/legram.me/legram.me/legram.me/legram.me/legram.me/legram.me/index-14.html]
[criccoder264.pages.dev/legram.me/legram.me/legram.me/legram.me/legram.me/legram.me/legram.me/legram.me/legram.me/legram.me/legram.me/legram.me/legram.me/legram.me/legram.me/legram.me/legram.me/legram.me/legram.me/index-14.html]
[criccoder264.pages.dev/DROID/mid/legram.me/legram.me/legram.me/legram.me/legram.me/legram.me/legram.me/legram.me/legram.me/legram.me/legram.me/legram.me/legram.me/legram.me/legram.me/legram.me/legram.me/legram.me/index-15.html]
[criccoder264.pages.dev/DROID/mid/legram.me/legram.me/legram.me/legram.me/legram.me/legram.me/legram.me/legram.me/legram.me/legram.me/legram.me/legram.me/legram.me/legram.me/legram.me/legram.me/legram.me/legram.me/index-15.html]
[criccoder264.pages.dev/legram.me/legram.me/legram.me/legram.me/legram.me/legram.me/legram.me/legram.me/legram.me/legram.me/legram.me/legram.me/legram.me/legram.me/legram.me/legram.me/legram.me/legram.me/legram.me/index-15.html]
[criccoder264.pages.dev/legram.me/legram.me/legram.me/legram.me/legram.me/legram.me/legram.me/legram.me/legram.me/legram.me/legram.me/legram.me/legram.me/legram.me/legram.me/legram.me/legram.me/legram.me/legram.me/index-15.html]
[criccoder264.pages.dev/DROID/mid/legram.me/legram.me/legram.me/legram.me/legram.me/legram.me/legram.me/legram.me/legram.me/legram.me/legram.me/legram.me/legram.me/legram.me/legram.me/legram.me/legram.me/legram.me/index-16.html]
[criccoder264.pages.dev/DROID/mid/legram.me/legram.me/legram.me/legram.me/legram.me/legram.me/legram.me/legram.me/legram.me/legram.me/legram.me/legram.me/legram.me/legram.me/legram.me/legram.me/legram.me/legram.me/index-16.html]
[criccoder264.pages.dev/legram.me/legram.me/legram.me/legram.me/legram.me/legram.me/legram.me/legram.me/legram.me/legram.me/legram.me/legram.me/legram.me/legram.me/legram.me/legram.me/legram.me/legram.me/legram.me/index-16.html]
[criccoder264.pages.dev/legram.me/legram.me/legram.me/legram.me/legram.me/legram.me/legram.me/legram.me/legram.me/legram.me/legram.me/legram.me/legram.me/legram.me/legram.me/legram.me/legram.me/legram.me/legram.me/index-16.html]
[criccoder264.pages.dev/DROID/mid/legram.me/legram.me/legram.me/legram.me/legram.me/legram.me/legram.me/legram.me/legram.me/legram.me/legram.me/legram.me/legram.me/legram.me/legram.me/legram.me/legram.me/legram.me/index-17.html]
[criccoder264.pages.dev/DROID/mid/legram.me/legram.me/legram.me/legram.me/legram.me/legram.me/legram.me/legram.me/legram.me/legram.me/legram.me/legram.me/legram.me/legram.me/legram.me/legram.me/legram.me/legram.me/index-17.html]
[criccoder264.pages.dev/legram.me/legram.me/legram.me/legram.me/legram.me/legram.me/legram.me/legram.me/legram.me/legram.me/legram.me/legram.me/legram.me/legram.me/legram.me/legram.me/legram.me/legram.me/legram.me/index-17.html]
[criccoder264.pages.dev/legram.me/legram.me/legram.me/legram.me/legram.me/legram.me/legram.me/legram.me/legram.me/legram.me/legram.me/legram.me/legram.me/legram.me/legram.me/legram.me/legram.me/legram.me/legram.me/index-17.html]
[criccoder264.pages.dev/DROID/mid/legram.me/legram.me/legram.me/legram.me/legram.me/legram.me/legram.me/legram.me/legram.me/legram.me/legram.me/legram.me/legram.me/legram.me/legram.me/legram.me/legram.me/legram.me/index-18.html]
[criccoder264.pages.dev/DROID/mid/legram.me/legram.me/legram.me/legram.me/legram.me/legram.me/legram.me/legram.me/legram.me/legram.me/legram.me/legram.me/legram.me/legram.me/legram.me/legram.me/legram.me/legram.me/index-18.html]
[criccoder264.pages.dev/legram.me/legram.me/legram.me/legram.me/legram.me/legram.me/legram.me/legram.me/legram.me/legram.me/legram.me/legram.me/legram.me/legram.me/legram.me/legram.me/legram.me/legram.me/legram.me/index-18.html]
[criccoder264.pages.dev/legram.me/legram.me/legram.me/legram.me/legram.me/legram.me/legram.me/legram.me/legram.me/legram.me/legram.me/legram.me/legram.me/legram.me/legram.me/legram.me/legram.me/legram.me/legram.me/index-18.html]
[criccoder264.pages.dev/DROID/mid/legram.me/legram.me/legram.me/legram.me/legram.me/legram.me/legram.me/legram.me/legram.me/legram.me/legram.me/legram.me/legram.me/legram.me/legram.me/legram.me/legram.me/legram.me/index-19.html]
[criccoder264.pages.dev/DROID/mid/legram.me/legram.me/legram.me/legram.me/legram.me/legram.me/legram.me/legram.me/legram.me/legram.me/legram.me/legram.me/legram.me/legram.me/legram.me/legram.me/legram.me/legram.me/index-19.html]
[criccoder264.pages.dev/legram.me/legram.me/legram.me/legram.me/legram.me/legram.me/legram.me/legram.me/legram.me/legram.me/legram.me/legram.me/legram.me/legram.me/legram.me/legram.me/legram.me/legram.me/legram.me/index-19.html]
[criccoder264.pages.dev/legram.me/legram.me/legram.me/legram.me/legram.me/legram.me/legram.me/legram.me/legram.me/legram.me/legram.me/legram.me/legram.me/legram.me/legram.me/legram.me/legram.me/legram.me/legram.me/index-19.html]
[criccoder264.pages.dev/DROID/mid/legram.me/legram.me/legram.me/legram.me/legram.me/legram.me/legram.me/legram.me/legram.me/legram.me/legram.me/legram.me/legram.me/legram.me/legram.me/legram.me/legram.me/legram.me/index-20.html]
[criccoder264.pages.dev/DROID/mid/legram.me/legram.me/legram.me/legram.me/legram.me/legram.me/legram.me/legram.me/legram.me/legram.me/legram.me/legram.me/legram.me/legram.me/legram.me/legram.me/legram.me/legram.me/index-20.html]
[criccoder264.pages.dev/legram.me/legram.me/legram.me/legram.me/legram.me/legram.me/legram.me/legram.me/legram.me/legram.me/legram.me/legram.me/legram.me/legram.me/legram.me/legram.me/legram.me/legram.me/legram.me/index-20.html]
[criccoder264.pages.dev/legram.me/legram.me/legram.me/legram.me/legram.me/legram.me/legram.me/legram.me/legram.me/legram.me/legram.me/legram.me/legram.me/legram.me/legram.me/legram.me/legram.me/legram.me/legram.me/index-20.html]
[criccoder264.pages.dev/DROID/mid/legram.me/legram.me/legram.me/legram.me/legram.me/legram.me/legram.me/legram.me/legram.me/legram.me/legram.me/legram.me/legram.me/legram.me/legram.me/legram.me/legram.me/legram.me/index-21.html]
[criccoder264.pages.dev/DROID/mid/legram.me/legram.me/legram.me/legram.me/legram.me/legram.me/legram.me/legram.me/legram.me/legram.me/legram.me/legram.me/legram.me/legram.me/legram.me/legram.me/legram.me/legram.me/index-21.html]
[criccoder264.pages.dev/legram.me/legram.me/legram.me/legram.me/legram.me/legram.me/legram.me/legram.me/legram.me/legram.me/legram.me/legram.me/legram.me/legram.me/legram.me/legram.me/legram.me/legram.me/legram.me/index-21.html]
[criccoder264.pages.dev/legram.me/legram.me/legram.me/legram.me/legram.me/legram.me/legram.me/legram.me/legram.me/legram.me/legram.me/legram.me/legram.me/legram.me/legram.me/legram.me/legram.me/legram.me/legram.me/index-21.html]
[criccoder264.pages.dev/DROID/mid/legram.me/legram.me/legram.me/legram.me/legram.me/legram.me/legram.me/legram.me/legram.me/legram.me/legram.me/legram.me/legram.me/legram.me/legram.me/legram.me/legram.me/legram.me/index-22.html]
[criccoder264.pages.dev/DROID/mid/legram.me/legram.me/legram.me/legram.me/legram.me/legram.me/legram.me/legram.me/legram.me/legram.me/legram.me/legram.me/legram.me/legram.me/legram.me/legram.me/legram.me/legram.me/index-22.html]
[criccoder264.pages.dev/legram.me/legram.me/legram.me/legram.me/legram.me/legram.me/legram.me/legram.me/legram.me/legram.me/legram.me/legram.me/legram.me/legram.me/legram.me/legram.me/legram.me/legram.me/legram.me/index-22.html]
[criccoder264.pages.dev/legram.me/legram.me/legram.me/legram.me/legram.me/legram.me/legram.me/legram.me/legram.me/legram.me/legram.me/legram.me/legram.me/legram.me/legram.me/legram.me/legram.me/legram.me/legram.me/index-22.html]
[criccoder264.pages.dev/DROID/mid/legram.me/legram.me/legram.me/legram.me/legram.me/legram.me/legram.me/legram.me/legram.me/legram.me/legram.me/legram.me/legram.me/legram.me/legram.me/legram.me/legram.me/legram.me/index-23.html]
[criccoder264.pages.dev/DROID/mid/legram.me/legram.me/legram.me/legram.me/legram.me/legram.me/legram.me/legram.me/legram.me/legram.me/legram.me/legram.me/legram.me/legram.me/legram.me/legram.me/legram.me/legram.me/index-23.html]
[criccoder264.pages.dev/legram.me/legram.me/legram.me/legram.me/legram.me/legram.me/legram.me/legram.me/legram.me/legram.me/legram.me/legram.me/legram.me/legram.me/legram.me/legram.me/legram.me/legram.me/legram.me/index-23.html]
[criccoder264.pages.dev/legram.me/legram.me/legram.me/legram.me/legram.me/legram.me/legram.me/legram.me/legram.me/legram.me/legram.me/legram.me/legram.me/legram.me/legram.me/legram.me/legram.me/legram.me/legram.me/index-23.html]
[criccoder264.pages.dev/DROID/mid/legram.me/legram.me/legram.me/legram.me/legram.me/legram.me/legram.me/legram.me/legram.me/legram.me/legram.me/legram.me/legram.me/legram.me/legram.me/legram.me/legram.me/legram.me/index-24.html]
[criccoder264.pages.dev/DROID/mid/legram.me/legram.me/legram.me/legram.me/legram.me/legram.me/legram.me/legram.me/legram.me/legram.me/legram.me/legram.me/legram.me/legram.me/legram.me/legram.me/legram.me/legram.me/index-24.html]
[criccoder264.pages.dev/legram.me/legram.me/legram.me/legram.me/legram.me/legram.me/legram.me/legram.me/legram.me/legram.me/legram.me/legram.me/legram.me/legram.me/legram.me/legram.me/legram.me/legram.me/legram.me/index-24.html]
[criccoder264.pages.dev/legram.me/legram.me/legram.me/legram.me/legram.me/legram.me/legram.me/legram.me/legram.me/legram.me/legram.me/legram.me/legram.me/legram.me/legram.me/legram.me/legram.me/legram.me/legram.me/index-24.html]
[criccoder264.pages.dev/DROID/mid/legram.me/legram.me/legram.me/legram.me/legram.me/legram.me/legram.me/legram.me/legram.me/legram.me/legram.me/legram.me/legram.me/legram.me/legram.me/legram.me/legram.me/legram.me/index-25.html]
[criccoder264.pages.dev/DROID/mid/legram.me/legram.me/legram.me/legram.me/legram.me/legram.me/legram.me/legram.me/legram.me/legram.me/legram.me/legram.me/legram.me/legram.me/legram.me/legram.me/legram.me/legram.me/index-25.html]
[criccoder264.pages.dev/legram.me/legram.me/legram.me/legram.me/legram.me/legram.me/legram.me/legram.me/legram.me/legram.me/legram.me/legram.me/legram.me/legram.me/legram.me/legram.me/legram.me/legram.me/legram.me/index-25.html]
[criccoder264.pages.dev/legram.me/legram.me/legram.me/legram.me/legram.me/legram.me/legram.me/legram.me/legram.me/legram.me/legram.me/legram.me/legram.me/legram.me/legram.me/legram.me/legram.me/legram.me/legram.me/index-25.html]
[criccoder264.pages.dev/DROID/mid/legram.me/legram.me/legram.me/legram.me/legram.me/legram.me/legram.me/legram.me/legram.me/legram.me/legram.me/legram.me/legram.me/legram.me/legram.me/legram.me/legram.me/legram.me/index-26.html]
[criccoder264.pages.dev/DROID/mid/legram.me/legram.me/legram.me/legram.me/legram.me/legram.me/legram.me/legram.me/legram.me/legram.me/legram.me/legram.me/legram.me/legram.me/legram.me/legram.me/legram.me/legram.me/index-26.html]
[criccoder264.pages.dev/legram.me/legram.me/legram.me/legram.me/legram.me/legram.me/legram.me/legram.me/legram.me/legram.me/legram.me/legram.me/legram.me/legram.me/legram.me/legram.me/legram.me/legram.me/legram.me/index-26.html]
[criccoder264.pages.dev/legram.me/legram.me/legram.me/legram.me/legram.me/legram.me/legram.me/legram.me/legram.me/legram.me/legram.me/legram.me/legram.me/legram.me/legram.me/legram.me/legram.me/legram.me/legram.me/index-26.html]
[criccoder264.pages.dev/DROID/mid/legram.me/legram.me/legram.me/legram.me/legram.me/legram.me/legram.me/legram.me/legram.me/legram.me/legram.me/legram.me/legram.me/legram.me/legram.me/legram.me/legram.me/legram.me/index-27.html]
[criccoder264.pages.dev/DROID/mid/legram.me/legram.me/legram.me/legram.me/legram.me/legram.me/legram.me/legram.me/legram.me/legram.me/legram.me/legram.me/legram.me/legram.me/legram.me/legram.me/legram.me/legram.me/index-27.html]
[criccoder264.pages.dev/legram.me/legram.me/legram.me/legram.me/legram.me/legram.me/legram.me/legram.me/legram.me/legram.me/legram.me/legram.me/legram.me/legram.me/legram.me/legram.me/legram.me/legram.me/legram.me/index-27.html]
[criccoder264.pages.dev/legram.me/legram.me/legram.me/legram.me/legram.me/legram.me/legram.me/legram.me/legram.me/legram.me/legram.me/legram.me/legram.me/legram.me/legram.me/legram.me/legram.me/legram.me/legram.me/index-27.html]
[criccoder264.pages.dev/DROID/mid/legram.me/legram.me/legram.me/legram.me/legram.me/legram.me/legram.me/legram.me/legram.me/legram.me/legram.me/legram.me/legram.me/legram.me/legram.me/legram.me/legram.me/legram.me/index-28.html]
[criccoder264.pages.dev/DROID/mid/legram.me/legram.me/legram.me/legram.me/legram.me/legram.me/legram.me/legram.me/legram.me/legram.me/legram.me/legram.me/legram.me/legram.me/legram.me/legram.me/legram.me/legram.me/index-28.html]
[criccoder264.pages.dev/legram.me/legram.me/legram.me/legram.me/legram.me/legram.me/legram.me/legram.me/legram.me/legram.me/legram.me/legram.me/legram.me/legram.me/legram.me/legram.me/legram.me/legram.me/legram.me/index-28.html]
[criccoder264.pages.dev/legram.me/legram.me/legram.me/legram.me/legram.me/legram.me/legram.me/legram.me/legram.me/legram.me/legram.me/legram.me/legram.me/legram.me/legram.me/legram.me/legram.me/legram.me/legram.me/index-28.html]
[criccoder264.pages.dev/DROID/mid/legram.me/legram.me/legram.me/legram.me/legram.me/legram.me/legram.me/legram.me/legram.me/legram.me/legram.me/legram.me/legram.me/legram.me/legram.me/legram.me/legram.me/legram.me/index-29.html]
[criccoder264.pages.dev/DROID/mid/legram.me/legram.me/legram.me/legram.me/legram.me/legram.me/legram.me/legram.me/legram.me/legram.me/legram.me/legram.me/legram.me/legram.me/legram.me/legram.me/legram.me/legram.me/index-29.html]
[criccoder264.pages.dev/legram.me/legram.me/legram.me/legram.me/legram.me/legram.me/legram.me/legram.me/legram.me/legram.me/legram.me/legram.me/legram.me/legram.me/legram.me/legram.me/legram.me/legram.me/legram.me/index-29.html]
[criccoder264.pages.dev/DROID/mid/legram.me/legram.me/legram.me/legram.me/legram.me/legram.me/legram.me/legram.me/legram.me/legram.me/legram.me/legram.me/legram.me/legram.me/legram.me/legram.me/legram.me/legram.me/index-30.html]
[criccoder264.pages.dev/legram.me/legram.me/legram.me/legram.me/legram.me/legram.me/legram.me/legram.me/legram.me/legram.me/legram.me/legram.me/legram.me/legram.me/legram.me/legram.me/legram.me/legram.me/legram.me/index-29.html]
[criccoder264.pages.dev/DROID/mid/legram.me/legram.me/legram.me/legram.me/legram.me/legram.me/legram.me/legram.me/legram.me/legram.me/legram.me/legram.me/legram.me/legram.me/legram.me/legram.me/legram.me/legram.me/index-30.html]
[criccoder264.pages.dev/legram.me/legram.me/legram.me/legram.me/legram.me/legram.me/legram.me/legram.me/legram.me/legram.me/legram.me/legram.me/legram.me/legram.me/legram.me/legram.me/legram.me/legram.me/legram.me/index-30.html]
[criccoder264.pages.dev/legram.me/legram.me/legram.me/legram.me/legram.me/legram.me/legram.me/legram.me/legram.me/legram.me/legram.me/legram.me/legram.me/legram.me/legram.me/legram.me/legram.me/legram.me/legram.me/index-30.html]
[criccoder264.pages.dev/DROID/mid/legram.me/legram.me/legram.me/legram.me/legram.me/legram.me/legram.me/legram.me/legram.me/legram.me/legram.me/legram.me/legram.me/legram.me/legram.me/legram.me/legram.me/legram.me/index-31.html]
[criccoder264.pages.dev/DROID/mid/legram.me/legram.me/legram.me/legram.me/legram.me/legram.me/legram.me/legram.me/legram.me/legram.me/legram.me/legram.me/legram.me/legram.me/legram.me/legram.me/legram.me/legram.me/index-31.html]
[criccoder264.pages.dev/legram.me/legram.me/legram.me/legram.me/legram.me/legram.me/legram.me/legram.me/legram.me/legram.me/legram.me/legram.me/legram.me/legram.me/legram.me/legram.me/legram.me/legram.me/legram.me/index-31.html]
[criccoder264.pages.dev/legram.me/legram.me/legram.me/legram.me/legram.me/legram.me/legram.me/legram.me/legram.me/legram.me/legram.me/legram.me/legram.me/legram.me/legram.me/legram.me/legram.me/legram.me/legram.me/index-31.html]
[criccoder264.pages.dev/DROID/mid/legram.me/legram.me/legram.me/legram.me/legram.me/legram.me/legram.me/legram.me/legram.me/legram.me/legram.me/legram.me/legram.me/legram.me/legram.me/legram.me/legram.me/legram.me/index-32.html]
[criccoder264.pages.dev/DROID/mid/legram.me/legram.me/legram.me/legram.me/legram.me/legram.me/legram.me/legram.me/legram.me/legram.me/legram.me/legram.me/legram.me/legram.me/legram.me/legram.me/legram.me/legram.me/index-32.html]
[criccoder264.pages.dev/legram.me/legram.me/legram.me/legram.me/legram.me/legram.me/legram.me/legram.me/legram.me/legram.me/legram.me/legram.me/legram.me/legram.me/legram.me/legram.me/legram.me/legram.me/legram.me/index-32.html]
[criccoder264.pages.dev/legram.me/legram.me/legram.me/legram.me/legram.me/legram.me/legram.me/legram.me/legram.me/legram.me/legram.me/legram.me/legram.me/legram.me/legram.me/legram.me/legram.me/legram.me/legram.me/index-32.html]
[criccoder264.pages.dev/DROID/mid/legram.me/legram.me/legram.me/legram.me/legram.me/legram.me/legram.me/legram.me/legram.me/legram.me/legram.me/legram.me/legram.me/legram.me/legram.me/legram.me/legram.me/legram.me/index-33.html]
[criccoder264.pages.dev/DROID/mid/legram.me/legram.me/legram.me/legram.me/legram.me/legram.me/legram.me/legram.me/legram.me/legram.me/legram.me/legram.me/legram.me/legram.me/legram.me/legram.me/legram.me/legram.me/index-33.html]
[criccoder264.pages.dev/legram.me/legram.me/legram.me/legram.me/legram.me/legram.me/legram.me/legram.me/legram.me/legram.me/legram.me/legram.me/legram.me/legram.me/legram.me/legram.me/legram.me/legram.me/legram.me/index-33.html]
[criccoder264.pages.dev/legram.me/legram.me/legram.me/legram.me/legram.me/legram.me/legram.me/legram.me/legram.me/legram.me/legram.me/legram.me/legram.me/legram.me/legram.me/legram.me/legram.me/legram.me/legram.me/index-33.html]
[criccoder264.pages.dev/DROID/mid/legram.me/legram.me/legram.me/legram.me/legram.me/legram.me/legram.me/legram.me/legram.me/legram.me/legram.me/legram.me/legram.me/legram.me/legram.me/legram.me/legram.me/legram.me/index-34.html]
[criccoder264.pages.dev/DROID/mid/legram.me/legram.me/legram.me/legram.me/legram.me/legram.me/legram.me/legram.me/legram.me/legram.me/legram.me/legram.me/legram.me/legram.me/legram.me/legram.me/legram.me/legram.me/index-34.html]
[criccoder264.pages.dev/legram.me/legram.me/legram.me/legram.me/legram.me/legram.me/legram.me/legram.me/legram.me/legram.me/legram.me/legram.me/legram.me/legram.me/legram.me/legram.me/legram.me/legram.me/legram.me/index-34.html]
[criccoder264.pages.dev/legram.me/legram.me/legram.me/legram.me/legram.me/legram.me/legram.me/legram.me/legram.me/legram.me/legram.me/legram.me/legram.me/legram.me/legram.me/legram.me/legram.me/legram.me/legram.me/index-34.html]
[criccoder264.pages.dev/DROID/mid/legram.me/legram.me/legram.me/legram.me/legram.me/legram.me/legram.me/legram.me/legram.me/legram.me/legram.me/legram.me/legram.me/legram.me/legram.me/legram.me/legram.me/legram.me/index-35.html]
[criccoder264.pages.dev/DROID/mid/legram.me/legram.me/legram.me/legram.me/legram.me/legram.me/legram.me/legram.me/legram.me/legram.me/legram.me/legram.me/legram.me/legram.me/legram.me/legram.me/legram.me/legram.me/index-35.html]
[criccoder264.pages.dev/legram.me/legram.me/legram.me/legram.me/legram.me/legram.me/legram.me/legram.me/legram.me/legram.me/legram.me/legram.me/legram.me/legram.me/legram.me/legram.me/legram.me/legram.me/legram.me/index-35.html]
[criccoder264.pages.dev/legram.me/legram.me/legram.me/legram.me/legram.me/legram.me/legram.me/legram.me/legram.me/legram.me/legram.me/legram.me/legram.me/legram.me/legram.me/legram.me/legram.me/legram.me/legram.me/index-35.html]
[criccoder264.pages.dev/DROID/mid/legram.me/legram.me/legram.me/legram.me/legram.me/legram.me/legram.me/legram.me/legram.me/legram.me/legram.me/legram.me/legram.me/legram.me/legram.me/legram.me/legram.me/legram.me/index-36.html]
[criccoder264.pages.dev/DROID/mid/legram.me/legram.me/legram.me/legram.me/legram.me/legram.me/legram.me/legram.me/legram.me/legram.me/legram.me/legram.me/legram.me/legram.me/legram.me/legram.me/legram.me/legram.me/index-36.html]
[criccoder264.pages.dev/legram.me/legram.me/legram.me/legram.me/legram.me/legram.me/legram.me/legram.me/legram.me/legram.me/legram.me/legram.me/legram.me/legram.me/legram.me/legram.me/legram.me/legram.me/legram.me/index-36.html]
[criccoder264.pages.dev/legram.me/legram.me/legram.me/legram.me/legram.me/legram.me/legram.me/legram.me/legram.me/legram.me/legram.me/legram.me/legram.me/legram.me/legram.me/legram.me/legram.me/legram.me/legram.me/index-36.html]
[criccoder264.pages.dev/DROID/mid/legram.me/legram.me/legram.me/legram.me/legram.me/legram.me/legram.me/legram.me/legram.me/legram.me/legram.me/legram.me/legram.me/legram.me/legram.me/legram.me/legram.me/legram.me/index-37.html]
[criccoder264.pages.dev/DROID/mid/legram.me/legram.me/legram.me/legram.me/legram.me/legram.me/legram.me/legram.me/legram.me/legram.me/legram.me/legram.me/legram.me/legram.me/legram.me/legram.me/legram.me/legram.me/index-37.html]
[criccoder264.pages.dev/legram.me/legram.me/legram.me/legram.me/legram.me/legram.me/legram.me/legram.me/legram.me/legram.me/legram.me/legram.me/legram.me/legram.me/legram.me/legram.me/legram.me/legram.me/legram.me/index-37.html]
[criccoder264.pages.dev/legram.me/legram.me/legram.me/legram.me/legram.me/legram.me/legram.me/legram.me/legram.me/legram.me/legram.me/legram.me/legram.me/legram.me/legram.me/legram.me/legram.me/legram.me/legram.me/index-37.html]
[criccoder264.pages.dev/DROID/mid/legram.me/legram.me/legram.me/legram.me/legram.me/legram.me/legram.me/legram.me/legram.me/legram.me/legram.me/legram.me/legram.me/legram.me/legram.me/legram.me/legram.me/legram.me/index-38.html]
[criccoder264.pages.dev/DROID/mid/legram.me/legram.me/legram.me/legram.me/legram.me/legram.me/legram.me/legram.me/legram.me/legram.me/legram.me/legram.me/legram.me/legram.me/legram.me/legram.me/legram.me/legram.me/index-38.html]
[criccoder264.pages.dev/legram.me/legram.me/legram.me/legram.me/legram.me/legram.me/legram.me/legram.me/legram.me/legram.me/legram.me/legram.me/legram.me/legram.me/legram.me/legram.me/legram.me/legram.me/legram.me/index-38.html]
[criccoder264.pages.dev/legram.me/legram.me/legram.me/legram.me/legram.me/legram.me/legram.me/legram.me/legram.me/legram.me/legram.me/legram.me/legram.me/legram.me/legram.me/legram.me/legram.me/legram.me/legram.me/index-38.html]
[criccoder264.pages.dev/DROID/mid/legram.me/legram.me/legram.me/legram.me/legram.me/legram.me/legram.me/legram.me/legram.me/legram.me/legram.me/legram.me/legram.me/legram.me/legram.me/legram.me/legram.me/legram.me/index-39.html]
[criccoder264.pages.dev/DROID/mid/legram.me/legram.me/legram.me/legram.me/legram.me/legram.me/legram.me/legram.me/legram.me/legram.me/legram.me/legram.me/legram.me/legram.me/legram.me/legram.me/legram.me/legram.me/index-39.html]
[criccoder264.pages.dev/legram.me/legram.me/legram.me/legram.me/legram.me/legram.me/legram.me/legram.me/legram.me/legram.me/legram.me/legram.me/legram.me/legram.me/legram.me/legram.me/legram.me/legram.me/legram.me/index-39.html]
[criccoder264.pages.dev/legram.me/legram.me/legram.me/legram.me/legram.me/legram.me/legram.me/legram.me/legram.me/legram.me/legram.me/legram.me/legram.me/legram.me/legram.me/legram.me/legram.me/legram.me/legram.me/index-39.html]
[criccoder264.pages.dev/DROID/mid/legram.me/legram.me/legram.me/legram.me/legram.me/legram.me/legram.me/legram.me/legram.me/legram.me/legram.me/legram.me/legram.me/legram.me/legram.me/legram.me/legram.me/legram.me/index-40.html]
[criccoder264.pages.dev/DROID/mid/legram.me/legram.me/legram.me/legram.me/legram.me/legram.me/legram.me/legram.me/legram.me/legram.me/legram.me/legram.me/legram.me/legram.me/legram.me/legram.me/legram.me/legram.me/index-40.html]
[criccoder264.pages.dev/legram.me/legram.me/legram.me/legram.me/legram.me/legram.me/legram.me/legram.me/legram.me/legram.me/legram.me/legram.me/legram.me/legram.me/legram.me/legram.me/legram.me/legram.me/legram.me/index-40.html]
[criccoder264.pages.dev/legram.me/legram.me/legram.me/legram.me/legram.me/legram.me/legram.me/legram.me/legram.me/legram.me/legram.me/legram.me/legram.me/legram.me/legram.me/legram.me/legram.me/legram.me/legram.me/index-40.html]
[criccoder264.pages.dev/DROID/mid/legram.me/legram.me/legram.me/legram.me/legram.me/legram.me/legram.me/legram.me/legram.me/legram.me/legram.me/legram.me/legram.me/legram.me/legram.me/legram.me/legram.me/legram.me/index-41.html]
[criccoder264.pages.dev/DROID/mid/legram.me/legram.me/legram.me/legram.me/legram.me/legram.me/legram.me/legram.me/legram.me/legram.me/legram.me/legram.me/legram.me/legram.me/legram.me/legram.me/legram.me/legram.me/index-41.html]
[criccoder264.pages.dev/legram.me/legram.me/legram.me/legram.me/legram.me/legram.me/legram.me/legram.me/legram.me/legram.me/legram.me/legram.me/legram.me/legram.me/legram.me/legram.me/legram.me/legram.me/legram.me/index-41.html]
[criccoder264.pages.dev/legram.me/legram.me/legram.me/legram.me/legram.me/legram.me/legram.me/legram.me/legram.me/legram.me/legram.me/legram.me/legram.me/legram.me/legram.me/legram.me/legram.me/legram.me/legram.me/index-41.html]
[criccoder264.pages.dev/DROID/mid/legram.me/legram.me/legram.me/legram.me/legram.me/legram.me/legram.me/legram.me/legram.me/legram.me/legram.me/legram.me/legram.me/legram.me/legram.me/legram.me/legram.me/legram.me/index-42.html]
[criccoder264.pages.dev/DROID/mid/legram.me/legram.me/legram.me/legram.me/legram.me/legram.me/legram.me/legram.me/legram.me/legram.me/legram.me/legram.me/legram.me/legram.me/legram.me/legram.me/legram.me/legram.me/index-42.html]
[criccoder264.pages.dev/legram.me/legram.me/legram.me/legram.me/legram.me/legram.me/legram.me/legram.me/legram.me/legram.me/legram.me/legram.me/legram.me/legram.me/legram.me/legram.me/legram.me/legram.me/legram.me/index-42.html]
[criccoder264.pages.dev/legram.me/legram.me/legram.me/legram.me/legram.me/legram.me/legram.me/legram.me/legram.me/legram.me/legram.me/legram.me/legram.me/legram.me/legram.me/legram.me/legram.me/legram.me/legram.me/index-42.html]
[criccoder264.pages.dev/DROID/mid/legram.me/legram.me/legram.me/legram.me/legram.me/legram.me/legram.me/legram.me/legram.me/legram.me/legram.me/legram.me/legram.me/legram.me/legram.me/legram.me/legram.me/legram.me/index-43.html]
[criccoder264.pages.dev/legram.me/legram.me/legram.me/legram.me/legram.me/legram.me/legram.me/legram.me/legram.me/legram.me/legram.me/legram.me/legram.me/legram.me/legram.me/legram.me/legram.me/legram.me/legram.me/index-43.html]
[criccoder264.pages.dev/DROID/mid/legram.me/legram.me/legram.me/legram.me/legram.me/legram.me/legram.me/legram.me/legram.me/legram.me/legram.me/legram.me/legram.me/legram.me/legram.me/legram.me/legram.me/legram.me/index-43.html]
[criccoder264.pages.dev/legram.me/legram.me/legram.me/legram.me/legram.me/legram.me/legram.me/legram.me/legram.me/legram.me/legram.me/legram.me/legram.me/legram.me/legram.me/legram.me/legram.me/legram.me/legram.me/index-43.html]
[criccoder264.pages.dev/DROID/mid/legram.me/legram.me/legram.me/legram.me/legram.me/legram.me/legram.me/legram.me/legram.me/legram.me/legram.me/legram.me/legram.me/legram.me/legram.me/legram.me/legram.me/legram.me/index-44.html]
[criccoder264.pages.dev/legram.me/legram.me/legram.me/legram.me/legram.me/legram.me/legram.me/legram.me/legram.me/legram.me/legram.me/legram.me/legram.me/legram.me/legram.me/legram.me/legram.me/legram.me/legram.me/index-44.html]
[criccoder264.pages.dev/DROID/mid/legram.me/legram.me/legram.me/legram.me/legram.me/legram.me/legram.me/legram.me/legram.me/legram.me/legram.me/legram.me/legram.me/legram.me/legram.me/legram.me/legram.me/legram.me/index-44.html]
[criccoder264.pages.dev/legram.me/legram.me/legram.me/legram.me/legram.me/legram.me/legram.me/legram.me/legram.me/legram.me/legram.me/legram.me/legram.me/legram.me/legram.me/legram.me/legram.me/legram.me/legram.me/index-44.html]
[criccoder264.pages.dev/DROID/mid/legram.me/legram.me/legram.me/legram.me/legram.me/legram.me/legram.me/legram.me/legram.me/legram.me/legram.me/legram.me/legram.me/legram.me/legram.me/legram.me/legram.me/legram.me/index-45.html]
[criccoder264.pages.dev/legram.me/legram.me/legram.me/legram.me/legram.me/legram.me/legram.me/legram.me/legram.me/legram.me/legram.me/legram.me/legram.me/legram.me/legram.me/legram.me/legram.me/legram.me/legram.me/index-45.html]
[criccoder264.pages.dev/DROID/mid/legram.me/legram.me/legram.me/legram.me/legram.me/legram.me/legram.me/legram.me/legram.me/legram.me/legram.me/legram.me/legram.me/legram.me/legram.me/legram.me/legram.me/legram.me/index-45.html]
[criccoder264.pages.dev/legram.me/legram.me/legram.me/legram.me/legram.me/legram.me/legram.me/legram.me/legram.me/legram.me/legram.me/legram.me/legram.me/legram.me/legram.me/legram.me/legram.me/legram.me/legram.me/index-45.html]
[criccoder264.pages.dev/DROID/mid/legram.me/legram.me/legram.me/legram.me/legram.me/legram.me/legram.me/legram.me/legram.me/legram.me/legram.me/legram.me/legram.me/legram.me/legram.me/legram.me/legram.me/legram.me/index-46.html]
[criccoder264.pages.dev/DROID/mid/legram.me/legram.me/legram.me/legram.me/legram.me/legram.me/legram.me/legram.me/legram.me/legram.me/legram.me/legram.me/legram.me/legram.me/legram.me/legram.me/legram.me/legram.me/index-46.html]
[criccoder264.pages.dev/legram.me/legram.me/legram.me/legram.me/legram.me/legram.me/legram.me/legram.me/legram.me/legram.me/legram.me/legram.me/legram.me/legram.me/legram.me/legram.me/legram.me/legram.me/legram.me/index-46.html]
[criccoder264.pages.dev/legram.me/legram.me/legram.me/legram.me/legram.me/legram.me/legram.me/legram.me/legram.me/legram.me/legram.me/legram.me/legram.me/legram.me/legram.me/legram.me/legram.me/legram.me/legram.me/index-46.html]
[criccoder264.pages.dev/DROID/mid/legram.me/legram.me/legram.me/legram.me/legram.me/legram.me/legram.me/legram.me/legram.me/legram.me/legram.me/legram.me/legram.me/legram.me/legram.me/legram.me/legram.me/legram.me/index-47.html]
[criccoder264.pages.dev/DROID/mid/legram.me/legram.me/legram.me/legram.me/legram.me/legram.me/legram.me/legram.me/legram.me/legram.me/legram.me/legram.me/legram.me/legram.me/legram.me/legram.me/legram.me/legram.me/index-47.html]
[criccoder264.pages.dev/legram.me/legram.me/legram.me/legram.me/legram.me/legram.me/legram.me/legram.me/legram.me/legram.me/legram.me/legram.me/legram.me/legram.me/legram.me/legram.me/legram.me/legram.me/legram.me/index-47.html]
[criccoder264.pages.dev/legram.me/legram.me/legram.me/legram.me/legram.me/legram.me/legram.me/legram.me/legram.me/legram.me/legram.me/legram.me/legram.me/legram.me/legram.me/legram.me/legram.me/legram.me/legram.me/index-47.html]
[criccoder264.pages.dev/DROID/mid/legram.me/legram.me/legram.me/legram.me/legram.me/legram.me/legram.me/legram.me/legram.me/legram.me/legram.me/legram.me/legram.me/legram.me/legram.me/legram.me/legram.me/legram.me/index-48.html]
[criccoder264.pages.dev/DROID/mid/legram.me/legram.me/legram.me/legram.me/legram.me/legram.me/legram.me/legram.me/legram.me/legram.me/legram.me/legram.me/legram.me/legram.me/legram.me/legram.me/legram.me/legram.me/index-48.html]
[criccoder264.pages.dev/legram.me/legram.me/legram.me/legram.me/legram.me/legram.me/legram.me/legram.me/legram.me/legram.me/legram.me/legram.me/legram.me/legram.me/legram.me/legram.me/legram.me/legram.me/legram.me/index-48.html]
[criccoder264.pages.dev/legram.me/legram.me/legram.me/legram.me/legram.me/legram.me/legram.me/legram.me/legram.me/legram.me/legram.me/legram.me/legram.me/legram.me/legram.me/legram.me/legram.me/legram.me/legram.me/index-48.html]
[criccoder264.pages.dev/DROID/mid/legram.me/legram.me/legram.me/legram.me/legram.me/legram.me/legram.me/legram.me/legram.me/legram.me/legram.me/legram.me/legram.me/legram.me/legram.me/legram.me/legram.me/legram.me/index-49.html]
[criccoder264.pages.dev/DROID/mid/legram.me/legram.me/legram.me/legram.me/legram.me/legram.me/legram.me/legram.me/legram.me/legram.me/legram.me/legram.me/legram.me/legram.me/legram.me/legram.me/legram.me/legram.me/index-49.html]
[criccoder264.pages.dev/legram.me/legram.me/legram.me/legram.me/legram.me/legram.me/legram.me/legram.me/legram.me/legram.me/legram.me/legram.me/legram.me/legram.me/legram.me/legram.me/legram.me/legram.me/legram.me/index-49.html]
[criccoder264.pages.dev/legram.me/legram.me/legram.me/legram.me/legram.me/legram.me/legram.me/legram.me/legram.me/legram.me/legram.me/legram.me/legram.me/legram.me/legram.me/legram.me/legram.me/legram.me/legram.me/index-49.html]
[criccoder264.pages.dev/DROID/mid/legram.me/legram.me/legram.me/legram.me/legram.me/legram.me/legram.me/legram.me/legram.me/legram.me/legram.me/legram.me/legram.me/legram.me/legram.me/legram.me/legram.me/legram.me/index-50.html]
[criccoder264.pages.dev/DROID/mid/legram.me/legram.me/legram.me/legram.me/legram.me/legram.me/legram.me/legram.me/legram.me/legram.me/legram.me/legram.me/legram.me/legram.me/legram.me/legram.me/legram.me/legram.me/index-50.html]
[criccoder264.pages.dev/legram.me/legram.me/legram.me/legram.me/legram.me/legram.me/legram.me/legram.me/legram.me/legram.me/legram.me/legram.me/legram.me/legram.me/legram.me/legram.me/legram.me/legram.me/legram.me/index-50.html]
[criccoder264.pages.dev/legram.me/legram.me/legram.me/legram.me/legram.me/legram.me/legram.me/legram.me/legram.me/legram.me/legram.me/legram.me/legram.me/legram.me/legram.me/legram.me/legram.me/legram.me/legram.me/index-50.html]
[criccoder264.pages.dev/DROID/mid/legram.me/legram.me/legram.me/legram.me/legram.me/legram.me/legram.me/legram.me/legram.me/legram.me/legram.me/legram.me/legram.me/legram.me/legram.me/legram.me/legram.me/legram.me/index-51.html]
[criccoder264.pages.dev/DROID/mid/legram.me/legram.me/legram.me/legram.me/legram.me/legram.me/legram.me/legram.me/legram.me/legram.me/legram.me/legram.me/legram.me/legram.me/legram.me/legram.me/legram.me/legram.me/index-51.html]
[criccoder264.pages.dev/legram.me/legram.me/legram.me/legram.me/legram.me/legram.me/legram.me/legram.me/legram.me/legram.me/legram.me/legram.me/legram.me/legram.me/legram.me/legram.me/legram.me/legram.me/legram.me/index-51.html]
[criccoder264.pages.dev/legram.me/legram.me/legram.me/legram.me/legram.me/legram.me/legram.me/legram.me/legram.me/legram.me/legram.me/legram.me/legram.me/legram.me/legram.me/legram.me/legram.me/legram.me/legram.me/index-51.html]
[criccoder264.pages.dev/DROID/mid/legram.me/legram.me/legram.me/legram.me/legram.me/legram.me/legram.me/legram.me/legram.me/legram.me/legram.me/legram.me/legram.me/legram.me/legram.me/legram.me/legram.me/legram.me/index-52.html]
[criccoder264.pages.dev/DROID/mid/legram.me/legram.me/legram.me/legram.me/legram.me/legram.me/legram.me/legram.me/legram.me/legram.me/legram.me/legram.me/legram.me/legram.me/legram.me/legram.me/legram.me/legram.me/index-52.html]
[criccoder264.pages.dev/legram.me/legram.me/legram.me/legram.me/legram.me/legram.me/legram.me/legram.me/legram.me/legram.me/legram.me/legram.me/legram.me/legram.me/legram.me/legram.me/legram.me/legram.me/legram.me/index-52.html]
[criccoder264.pages.dev/legram.me/legram.me/legram.me/legram.me/legram.me/legram.me/legram.me/legram.me/legram.me/legram.me/legram.me/legram.me/legram.me/legram.me/legram.me/legram.me/legram.me/legram.me/legram.me/index-52.html]
[criccoder264.pages.dev/DROID/mid/legram.me/legram.me/legram.me/legram.me/legram.me/legram.me/legram.me/legram.me/legram.me/legram.me/legram.me/legram.me/legram.me/legram.me/legram.me/legram.me/legram.me/legram.me/index-53.html]
[criccoder264.pages.dev/DROID/mid/legram.me/legram.me/legram.me/legram.me/legram.me/legram.me/legram.me/legram.me/legram.me/legram.me/legram.me/legram.me/legram.me/legram.me/legram.me/legram.me/legram.me/legram.me/index-53.html]
[criccoder264.pages.dev/legram.me/legram.me/legram.me/legram.me/legram.me/legram.me/legram.me/legram.me/legram.me/legram.me/legram.me/legram.me/legram.me/legram.me/legram.me/legram.me/legram.me/legram.me/legram.me/index-53.html]
[criccoder264.pages.dev/legram.me/legram.me/legram.me/legram.me/legram.me/legram.me/legram.me/legram.me/legram.me/legram.me/legram.me/legram.me/legram.me/legram.me/legram.me/legram.me/legram.me/legram.me/legram.me/index-53.html]
[criccoder264.pages.dev/DROID/mid/legram.me/legram.me/legram.me/legram.me/legram.me/legram.me/legram.me/legram.me/legram.me/legram.me/legram.me/legram.me/legram.me/legram.me/legram.me/legram.me/legram.me/legram.me/index-54.html]
[criccoder264.pages.dev/DROID/mid/legram.me/legram.me/legram.me/legram.me/legram.me/legram.me/legram.me/legram.me/legram.me/legram.me/legram.me/legram.me/legram.me/legram.me/legram.me/legram.me/legram.me/legram.me/index-54.html]
[criccoder264.pages.dev/legram.me/legram.me/legram.me/legram.me/legram.me/legram.me/legram.me/legram.me/legram.me/legram.me/legram.me/legram.me/legram.me/legram.me/legram.me/legram.me/legram.me/legram.me/legram.me/index-54.html]
[criccoder264.pages.dev/legram.me/legram.me/legram.me/legram.me/legram.me/legram.me/legram.me/legram.me/legram.me/legram.me/legram.me/legram.me/legram.me/legram.me/legram.me/legram.me/legram.me/legram.me/legram.me/index-54.html]
[criccoder264.pages.dev/DROID/mid/legram.me/legram.me/legram.me/legram.me/legram.me/legram.me/legram.me/legram.me/legram.me/legram.me/legram.me/legram.me/legram.me/legram.me/legram.me/legram.me/legram.me/legram.me/index-55.html]
[criccoder264.pages.dev/DROID/mid/legram.me/legram.me/legram.me/legram.me/legram.me/legram.me/legram.me/legram.me/legram.me/legram.me/legram.me/legram.me/legram.me/legram.me/legram.me/legram.me/legram.me/legram.me/index-55.html]
[criccoder264.pages.dev/legram.me/legram.me/legram.me/legram.me/legram.me/legram.me/legram.me/legram.me/legram.me/legram.me/legram.me/legram.me/legram.me/legram.me/legram.me/legram.me/legram.me/legram.me/legram.me/index-55.html]
[criccoder264.pages.dev/legram.me/legram.me/legram.me/legram.me/legram.me/legram.me/legram.me/legram.me/legram.me/legram.me/legram.me/legram.me/legram.me/legram.me/legram.me/legram.me/legram.me/legram.me/legram.me/index-55.html]
[criccoder264.pages.dev/DROID/mid/legram.me/legram.me/legram.me/legram.me/legram.me/legram.me/legram.me/legram.me/legram.me/legram.me/legram.me/legram.me/legram.me/legram.me/legram.me/legram.me/legram.me/legram.me/index-56.html]
[criccoder264.pages.dev/DROID/mid/legram.me/legram.me/legram.me/legram.me/legram.me/legram.me/legram.me/legram.me/legram.me/legram.me/legram.me/legram.me/legram.me/legram.me/legram.me/legram.me/legram.me/legram.me/index-56.html]
[criccoder264.pages.dev/legram.me/legram.me/legram.me/legram.me/legram.me/legram.me/legram.me/legram.me/legram.me/legram.me/legram.me/legram.me/legram.me/legram.me/legram.me/legram.me/legram.me/legram.me/legram.me/index-56.html]
[criccoder264.pages.dev/legram.me/legram.me/legram.me/legram.me/legram.me/legram.me/legram.me/legram.me/legram.me/legram.me/legram.me/legram.me/legram.me/legram.me/legram.me/legram.me/legram.me/legram.me/legram.me/index-56.html]
[criccoder264.pages.dev/DROID/mid/legram.me/legram.me/legram.me/legram.me/legram.me/legram.me/legram.me/legram.me/legram.me/legram.me/legram.me/legram.me/legram.me/legram.me/legram.me/legram.me/legram.me/legram.me/index-57.html]
[criccoder264.pages.dev/DROID/mid/legram.me/legram.me/legram.me/legram.me/legram.me/legram.me/legram.me/legram.me/legram.me/legram.me/legram.me/legram.me/legram.me/legram.me/legram.me/legram.me/legram.me/legram.me/index-57.html]
[criccoder264.pages.dev/legram.me/legram.me/legram.me/legram.me/legram.me/legram.me/legram.me/legram.me/legram.me/legram.me/legram.me/legram.me/legram.me/legram.me/legram.me/legram.me/legram.me/legram.me/legram.me/index-57.html]
[criccoder264.pages.dev/legram.me/legram.me/legram.me/legram.me/legram.me/legram.me/legram.me/legram.me/legram.me/legram.me/legram.me/legram.me/legram.me/legram.me/legram.me/legram.me/legram.me/legram.me/legram.me/index-57.html]
[criccoder264.pages.dev/DROID/mid/legram.me/legram.me/legram.me/legram.me/legram.me/legram.me/legram.me/legram.me/legram.me/legram.me/legram.me/legram.me/legram.me/legram.me/legram.me/legram.me/legram.me/legram.me/index-58.html]
[criccoder264.pages.dev/DROID/mid/legram.me/legram.me/legram.me/legram.me/legram.me/legram.me/legram.me/legram.me/legram.me/legram.me/legram.me/legram.me/legram.me/legram.me/legram.me/legram.me/legram.me/legram.me/index-58.html]
[criccoder264.pages.dev/legram.me/legram.me/legram.me/legram.me/legram.me/legram.me/legram.me/legram.me/legram.me/legram.me/legram.me/legram.me/legram.me/legram.me/legram.me/legram.me/legram.me/legram.me/legram.me/index-58.html]
[criccoder264.pages.dev/legram.me/legram.me/legram.me/legram.me/legram.me/legram.me/legram.me/legram.me/legram.me/legram.me/legram.me/legram.me/legram.me/legram.me/legram.me/legram.me/legram.me/legram.me/legram.me/index-58.html]
[criccoder264.pages.dev/DROID/mid/legram.me/legram.me/legram.me/legram.me/legram.me/legram.me/legram.me/legram.me/legram.me/legram.me/legram.me/legram.me/legram.me/legram.me/legram.me/legram.me/legram.me/legram.me/index-59.html]
[criccoder264.pages.dev/DROID/mid/legram.me/legram.me/legram.me/legram.me/legram.me/legram.me/legram.me/legram.me/legram.me/legram.me/legram.me/legram.me/legram.me/legram.me/legram.me/legram.me/legram.me/legram.me/index-59.html]
[criccoder264.pages.dev/legram.me/legram.me/legram.me/legram.me/legram.me/legram.me/legram.me/legram.me/legram.me/legram.me/legram.me/legram.me/legram.me/legram.me/legram.me/legram.me/legram.me/legram.me/legram.me/index-59.html]
[criccoder264.pages.dev/legram.me/legram.me/legram.me/legram.me/legram.me/legram.me/legram.me/legram.me/legram.me/legram.me/legram.me/legram.me/legram.me/legram.me/legram.me/legram.me/legram.me/legram.me/legram.me/index-59.html]
[criccoder264.pages.dev/DROID/mid/legram.me/legram.me/legram.me/legram.me/legram.me/legram.me/legram.me/legram.me/legram.me/legram.me/legram.me/legram.me/legram.me/legram.me/legram.me/legram.me/legram.me/legram.me/index-60.html]
[criccoder264.pages.dev/DROID/mid/legram.me/legram.me/legram.me/legram.me/legram.me/legram.me/legram.me/legram.me/legram.me/legram.me/legram.me/legram.me/legram.me/legram.me/legram.me/legram.me/legram.me/legram.me/index-60.html]
[criccoder264.pages.dev/legram.me/legram.me/legram.me/legram.me/legram.me/legram.me/legram.me/legram.me/legram.me/legram.me/legram.me/legram.me/legram.me/legram.me/legram.me/legram.me/legram.me/legram.me/legram.me/index-60.html]
[criccoder264.pages.dev/legram.me/legram.me/legram.me/legram.me/legram.me/legram.me/legram.me/legram.me/legram.me/legram.me/legram.me/legram.me/legram.me/legram.me/legram.me/legram.me/legram.me/legram.me/legram.me/index-60.html]
[criccoder264.pages.dev/DROID/mid/legram.me/legram.me/legram.me/legram.me/legram.me/legram.me/legram.me/legram.me/legram.me/legram.me/legram.me/legram.me/legram.me/legram.me/legram.me/legram.me/legram.me/legram.me/index-61.html]
[criccoder264.pages.dev/DROID/mid/legram.me/legram.me/legram.me/legram.me/legram.me/legram.me/legram.me/legram.me/legram.me/legram.me/legram.me/legram.me/legram.me/legram.me/legram.me/legram.me/legram.me/legram.me/index-61.html]
[criccoder264.pages.dev/legram.me/legram.me/legram.me/legram.me/legram.me/legram.me/legram.me/legram.me/legram.me/legram.me/legram.me/legram.me/legram.me/legram.me/legram.me/legram.me/legram.me/legram.me/legram.me/index-61.html]
[criccoder264.pages.dev/legram.me/legram.me/legram.me/legram.me/legram.me/legram.me/legram.me/legram.me/legram.me/legram.me/legram.me/legram.me/legram.me/legram.me/legram.me/legram.me/legram.me/legram.me/legram.me/index-61.html]
[criccoder264.pages.dev/DROID/mid/legram.me/legram.me/legram.me/legram.me/legram.me/legram.me/legram.me/legram.me/legram.me/legram.me/legram.me/legram.me/legram.me/legram.me/legram.me/legram.me/legram.me/legram.me/index-62.html]
[criccoder264.pages.dev/DROID/mid/legram.me/legram.me/legram.me/legram.me/legram.me/legram.me/legram.me/legram.me/legram.me/legram.me/legram.me/legram.me/legram.me/legram.me/legram.me/legram.me/legram.me/legram.me/index-62.html]
[criccoder264.pages.dev/legram.me/legram.me/legram.me/legram.me/legram.me/legram.me/legram.me/legram.me/legram.me/legram.me/legram.me/legram.me/legram.me/legram.me/legram.me/legram.me/legram.me/legram.me/legram.me/index-62.html]
[criccoder264.pages.dev/legram.me/legram.me/legram.me/legram.me/legram.me/legram.me/legram.me/legram.me/legram.me/legram.me/legram.me/legram.me/legram.me/legram.me/legram.me/legram.me/legram.me/legram.me/legram.me/index-62.html]
[criccoder264.pages.dev/DROID/mid/legram.me/legram.me/legram.me/legram.me/legram.me/legram.me/legram.me/legram.me/legram.me/legram.me/legram.me/legram.me/legram.me/legram.me/legram.me/legram.me/legram.me/legram.me/index-63.html]
[criccoder264.pages.dev/DROID/mid/legram.me/legram.me/legram.me/legram.me/legram.me/legram.me/legram.me/legram.me/legram.me/legram.me/legram.me/legram.me/legram.me/legram.me/legram.me/legram.me/legram.me/legram.me/index-63.html]
[criccoder264.pages.dev/legram.me/legram.me/legram.me/legram.me/legram.me/legram.me/legram.me/legram.me/legram.me/legram.me/legram.me/legram.me/legram.me/legram.me/legram.me/legram.me/legram.me/legram.me/legram.me/index-63.html]
[criccoder264.pages.dev/legram.me/legram.me/legram.me/legram.me/legram.me/legram.me/legram.me/legram.me/legram.me/legram.me/legram.me/legram.me/legram.me/legram.me/legram.me/legram.me/legram.me/legram.me/legram.me/index-63.html]
[criccoder264.pages.dev/DROID/mid/legram.me/legram.me/legram.me/legram.me/legram.me/legram.me/legram.me/legram.me/legram.me/legram.me/legram.me/legram.me/legram.me/legram.me/legram.me/legram.me/legram.me/legram.me/index-64.html]
[criccoder264.pages.dev/DROID/mid/legram.me/legram.me/legram.me/legram.me/legram.me/legram.me/legram.me/legram.me/legram.me/legram.me/legram.me/legram.me/legram.me/legram.me/legram.me/legram.me/legram.me/legram.me/index-64.html]
[criccoder264.pages.dev/legram.me/legram.me/legram.me/legram.me/legram.me/legram.me/legram.me/legram.me/legram.me/legram.me/legram.me/legram.me/legram.me/legram.me/legram.me/legram.me/legram.me/legram.me/legram.me/index-64.html]
[criccoder264.pages.dev/legram.me/legram.me/legram.me/legram.me/legram.me/legram.me/legram.me/legram.me/legram.me/legram.me/legram.me/legram.me/legram.me/legram.me/legram.me/legram.me/legram.me/legram.me/legram.me/index-64.html]
[criccoder264.pages.dev/DROID/mid/legram.me/legram.me/legram.me/legram.me/legram.me/legram.me/legram.me/legram.me/legram.me/legram.me/legram.me/legram.me/legram.me/legram.me/legram.me/legram.me/legram.me/legram.me/index-65.html]
[criccoder264.pages.dev/DROID/mid/legram.me/legram.me/legram.me/legram.me/legram.me/legram.me/legram.me/legram.me/legram.me/legram.me/legram.me/legram.me/legram.me/legram.me/legram.me/legram.me/legram.me/legram.me/index-65.html]
[criccoder264.pages.dev/legram.me/legram.me/legram.me/legram.me/legram.me/legram.me/legram.me/legram.me/legram.me/legram.me/legram.me/legram.me/legram.me/legram.me/legram.me/legram.me/legram.me/legram.me/legram.me/index-65.html]
[criccoder264.pages.dev/legram.me/legram.me/legram.me/legram.me/legram.me/legram.me/legram.me/legram.me/legram.me/legram.me/legram.me/legram.me/legram.me/legram.me/legram.me/legram.me/legram.me/legram.me/legram.me/index-65.html]
[criccoder264.pages.dev/DROID/mid/legram.me/legram.me/legram.me/legram.me/legram.me/legram.me/legram.me/legram.me/legram.me/legram.me/legram.me/legram.me/legram.me/legram.me/legram.me/legram.me/legram.me/legram.me/index-66.html]
[criccoder264.pages.dev/DROID/mid/legram.me/legram.me/legram.me/legram.me/legram.me/legram.me/legram.me/legram.me/legram.me/legram.me/legram.me/legram.me/legram.me/legram.me/legram.me/legram.me/legram.me/legram.me/index-66.html]
[criccoder264.pages.dev/legram.me/legram.me/legram.me/legram.me/legram.me/legram.me/legram.me/legram.me/legram.me/legram.me/legram.me/legram.me/legram.me/legram.me/legram.me/legram.me/legram.me/legram.me/legram.me/index-66.html]
[criccoder264.pages.dev/legram.me/legram.me/legram.me/legram.me/legram.me/legram.me/legram.me/legram.me/legram.me/legram.me/legram.me/legram.me/legram.me/legram.me/legram.me/legram.me/legram.me/legram.me/legram.me/index-66.html]
[criccoder264.pages.dev/DROID/mid/legram.me/legram.me/legram.me/legram.me/legram.me/legram.me/legram.me/legram.me/legram.me/legram.me/legram.me/legram.me/legram.me/legram.me/legram.me/legram.me/legram.me/legram.me/index-67.html]
[criccoder264.pages.dev/DROID/mid/legram.me/legram.me/legram.me/legram.me/legram.me/legram.me/legram.me/legram.me/legram.me/legram.me/legram.me/legram.me/legram.me/legram.me/legram.me/legram.me/legram.me/legram.me/index-67.html]
[criccoder264.pages.dev/legram.me/legram.me/legram.me/legram.me/legram.me/legram.me/legram.me/legram.me/legram.me/legram.me/legram.me/legram.me/legram.me/legram.me/legram.me/legram.me/legram.me/legram.me/legram.me/index-67.html]
[criccoder264.pages.dev/legram.me/legram.me/legram.me/legram.me/legram.me/legram.me/legram.me/legram.me/legram.me/legram.me/legram.me/legram.me/legram.me/legram.me/legram.me/legram.me/legram.me/legram.me/legram.me/index-67.html]
[criccoder264.pages.dev/DROID/mid/legram.me/legram.me/legram.me/legram.me/legram.me/legram.me/legram.me/legram.me/legram.me/legram.me/legram.me/legram.me/legram.me/legram.me/legram.me/legram.me/legram.me/legram.me/index-68.html]
[criccoder264.pages.dev/DROID/mid/legram.me/legram.me/legram.me/legram.me/legram.me/legram.me/legram.me/legram.me/legram.me/legram.me/legram.me/legram.me/legram.me/legram.me/legram.me/legram.me/legram.me/legram.me/index-68.html]
[criccoder264.pages.dev/legram.me/legram.me/legram.me/legram.me/legram.me/legram.me/legram.me/legram.me/legram.me/legram.me/legram.me/legram.me/legram.me/legram.me/legram.me/legram.me/legram.me/legram.me/legram.me/index-68.html]
[criccoder264.pages.dev/legram.me/legram.me/legram.me/legram.me/legram.me/legram.me/legram.me/legram.me/legram.me/legram.me/legram.me/legram.me/legram.me/legram.me/legram.me/legram.me/legram.me/legram.me/legram.me/index-68.html]
[criccoder264.pages.dev/DROID/mid/legram.me/legram.me/legram.me/legram.me/legram.me/legram.me/legram.me/legram.me/legram.me/legram.me/legram.me/legram.me/legram.me/legram.me/legram.me/legram.me/legram.me/legram.me/index-69.html]
[criccoder264.pages.dev/DROID/mid/legram.me/legram.me/legram.me/legram.me/legram.me/legram.me/legram.me/legram.me/legram.me/legram.me/legram.me/legram.me/legram.me/legram.me/legram.me/legram.me/legram.me/legram.me/index-69.html]
[criccoder264.pages.dev/legram.me/legram.me/legram.me/legram.me/legram.me/legram.me/legram.me/legram.me/legram.me/legram.me/legram.me/legram.me/legram.me/legram.me/legram.me/legram.me/legram.me/legram.me/legram.me/index-69.html]
[criccoder264.pages.dev/legram.me/legram.me/legram.me/legram.me/legram.me/legram.me/legram.me/legram.me/legram.me/legram.me/legram.me/legram.me/legram.me/legram.me/legram.me/legram.me/legram.me/legram.me/legram.me/index-69.html]
[criccoder264.pages.dev/DROID/mid/legram.me/legram.me/legram.me/legram.me/legram.me/legram.me/legram.me/legram.me/legram.me/legram.me/legram.me/legram.me/legram.me/legram.me/legram.me/legram.me/legram.me/legram.me/index-70.html]
[criccoder264.pages.dev/DROID/mid/legram.me/legram.me/legram.me/legram.me/legram.me/legram.me/legram.me/legram.me/legram.me/legram.me/legram.me/legram.me/legram.me/legram.me/legram.me/legram.me/legram.me/legram.me/index-70.html]
[criccoder264.pages.dev/legram.me/legram.me/legram.me/legram.me/legram.me/legram.me/legram.me/legram.me/legram.me/legram.me/legram.me/legram.me/legram.me/legram.me/legram.me/legram.me/legram.me/legram.me/legram.me/index-70.html]
[criccoder264.pages.dev/legram.me/legram.me/legram.me/legram.me/legram.me/legram.me/legram.me/legram.me/legram.me/legram.me/legram.me/legram.me/legram.me/legram.me/legram.me/legram.me/legram.me/legram.me/legram.me/index-70.html]
[criccoder264.pages.dev/DROID/mid/legram.me/legram.me/legram.me/legram.me/legram.me/legram.me/legram.me/legram.me/legram.me/legram.me/legram.me/legram.me/legram.me/legram.me/legram.me/legram.me/legram.me/legram.me/index-71.html]
[criccoder264.pages.dev/DROID/mid/legram.me/legram.me/legram.me/legram.me/legram.me/legram.me/legram.me/legram.me/legram.me/legram.me/legram.me/legram.me/legram.me/legram.me/legram.me/legram.me/legram.me/legram.me/index-71.html]
[criccoder264.pages.dev/legram.me/legram.me/legram.me/legram.me/legram.me/legram.me/legram.me/legram.me/legram.me/legram.me/legram.me/legram.me/legram.me/legram.me/legram.me/legram.me/legram.me/legram.me/legram.me/index-71.html]
[criccoder264.pages.dev/legram.me/legram.me/legram.me/legram.me/legram.me/legram.me/legram.me/legram.me/legram.me/legram.me/legram.me/legram.me/legram.me/legram.me/legram.me/legram.me/legram.me/legram.me/legram.me/index-71.html]
[criccoder264.pages.dev/DROID/mid/legram.me/legram.me/legram.me/legram.me/legram.me/legram.me/legram.me/legram.me/legram.me/legram.me/legram.me/legram.me/legram.me/legram.me/legram.me/legram.me/legram.me/legram.me/index-72.html]
[criccoder264.pages.dev/DROID/mid/legram.me/legram.me/legram.me/legram.me/legram.me/legram.me/legram.me/legram.me/legram.me/legram.me/legram.me/legram.me/legram.me/legram.me/legram.me/legram.me/legram.me/legram.me/index-72.html]
[criccoder264.pages.dev/legram.me/legram.me/legram.me/legram.me/legram.me/legram.me/legram.me/legram.me/legram.me/legram.me/legram.me/legram.me/legram.me/legram.me/legram.me/legram.me/legram.me/legram.me/legram.me/index-72.html]
[criccoder264.pages.dev/legram.me/legram.me/legram.me/legram.me/legram.me/legram.me/legram.me/legram.me/legram.me/legram.me/legram.me/legram.me/legram.me/legram.me/legram.me/legram.me/legram.me/legram.me/legram.me/index-72.html]
[criccoder264.pages.dev/DROID/mid/legram.me/legram.me/legram.me/legram.me/legram.me/legram.me/legram.me/legram.me/legram.me/legram.me/legram.me/legram.me/legram.me/legram.me/legram.me/legram.me/legram.me/legram.me/index-73.html]
[criccoder264.pages.dev/DROID/mid/legram.me/legram.me/legram.me/legram.me/legram.me/legram.me/legram.me/legram.me/legram.me/legram.me/legram.me/legram.me/legram.me/legram.me/legram.me/legram.me/legram.me/legram.me/index-73.html]
[criccoder264.pages.dev/legram.me/legram.me/legram.me/legram.me/legram.me/legram.me/legram.me/legram.me/legram.me/legram.me/legram.me/legram.me/legram.me/legram.me/legram.me/legram.me/legram.me/legram.me/legram.me/index-73.html]
[criccoder264.pages.dev/legram.me/legram.me/legram.me/legram.me/legram.me/legram.me/legram.me/legram.me/legram.me/legram.me/legram.me/legram.me/legram.me/legram.me/legram.me/legram.me/legram.me/legram.me/legram.me/index-73.html]
[criccoder264.pages.dev/DROID/mid/legram.me/legram.me/legram.me/legram.me/legram.me/legram.me/legram.me/legram.me/legram.me/legram.me/legram.me/legram.me/legram.me/legram.me/legram.me/legram.me/legram.me/legram.me/index-74.html]
[criccoder264.pages.dev/DROID/mid/legram.me/legram.me/legram.me/legram.me/legram.me/legram.me/legram.me/legram.me/legram.me/legram.me/legram.me/legram.me/legram.me/legram.me/legram.me/legram.me/legram.me/legram.me/index-74.html]
[criccoder264.pages.dev/legram.me/legram.me/legram.me/legram.me/legram.me/legram.me/legram.me/legram.me/legram.me/legram.me/legram.me/legram.me/legram.me/legram.me/legram.me/legram.me/legram.me/legram.me/legram.me/index-74.html]
[criccoder264.pages.dev/legram.me/legram.me/legram.me/legram.me/legram.me/legram.me/legram.me/legram.me/legram.me/legram.me/legram.me/legram.me/legram.me/legram.me/legram.me/legram.me/legram.me/legram.me/legram.me/index-74.html]
[criccoder264.pages.dev/DROID/mid/legram.me/legram.me/legram.me/legram.me/legram.me/legram.me/legram.me/legram.me/legram.me/legram.me/legram.me/legram.me/legram.me/legram.me/legram.me/legram.me/legram.me/legram.me/index-75.html]
[criccoder264.pages.dev/DROID/mid/legram.me/legram.me/legram.me/legram.me/legram.me/legram.me/legram.me/legram.me/legram.me/legram.me/legram.me/legram.me/legram.me/legram.me/legram.me/legram.me/legram.me/legram.me/index-75.html]
[criccoder264.pages.dev/legram.me/legram.me/legram.me/legram.me/legram.me/legram.me/legram.me/legram.me/legram.me/legram.me/legram.me/legram.me/legram.me/legram.me/legram.me/legram.me/legram.me/legram.me/legram.me/index-75.html]
[criccoder264.pages.dev/legram.me/legram.me/legram.me/legram.me/legram.me/legram.me/legram.me/legram.me/legram.me/legram.me/legram.me/legram.me/legram.me/legram.me/legram.me/legram.me/legram.me/legram.me/legram.me/index-75.html]
[criccoder264.pages.dev/DROID/mid/legram.me/legram.me/legram.me/legram.me/legram.me/legram.me/legram.me/legram.me/legram.me/legram.me/legram.me/legram.me/legram.me/legram.me/legram.me/legram.me/legram.me/legram.me/index-76.html]
[criccoder264.pages.dev/DROID/mid/legram.me/legram.me/legram.me/legram.me/legram.me/legram.me/legram.me/legram.me/legram.me/legram.me/legram.me/legram.me/legram.me/legram.me/legram.me/legram.me/legram.me/legram.me/index-76.html]
[criccoder264.pages.dev/legram.me/legram.me/legram.me/legram.me/legram.me/legram.me/legram.me/legram.me/legram.me/legram.me/legram.me/legram.me/legram.me/legram.me/legram.me/legram.me/legram.me/legram.me/legram.me/index-76.html]
[criccoder264.pages.dev/legram.me/legram.me/legram.me/legram.me/legram.me/legram.me/legram.me/legram.me/legram.me/legram.me/legram.me/legram.me/legram.me/legram.me/legram.me/legram.me/legram.me/legram.me/legram.me/index-76.html]
[criccoder264.pages.dev/DROID/mid/legram.me/legram.me/legram.me/legram.me/legram.me/legram.me/legram.me/legram.me/legram.me/legram.me/legram.me/legram.me/legram.me/legram.me/legram.me/legram.me/legram.me/legram.me/index-77.html]
[criccoder264.pages.dev/DROID/mid/legram.me/legram.me/legram.me/legram.me/legram.me/legram.me/legram.me/legram.me/legram.me/legram.me/legram.me/legram.me/legram.me/legram.me/legram.me/legram.me/legram.me/legram.me/index-77.html]
[criccoder264.pages.dev/legram.me/legram.me/legram.me/legram.me/legram.me/legram.me/legram.me/legram.me/legram.me/legram.me/legram.me/legram.me/legram.me/legram.me/legram.me/legram.me/legram.me/legram.me/legram.me/index-77.html]
[criccoder264.pages.dev/legram.me/legram.me/legram.me/legram.me/legram.me/legram.me/legram.me/legram.me/legram.me/legram.me/legram.me/legram.me/legram.me/legram.me/legram.me/legram.me/legram.me/legram.me/legram.me/index-77.html]
[criccoder264.pages.dev/DROID/mid/legram.me/legram.me/legram.me/legram.me/legram.me/legram.me/legram.me/legram.me/legram.me/legram.me/legram.me/legram.me/legram.me/legram.me/legram.me/legram.me/legram.me/legram.me/index-78.html]
[criccoder264.pages.dev/DROID/mid/legram.me/legram.me/legram.me/legram.me/legram.me/legram.me/legram.me/legram.me/legram.me/legram.me/legram.me/legram.me/legram.me/legram.me/legram.me/legram.me/legram.me/legram.me/index-78.html]
[criccoder264.pages.dev/legram.me/legram.me/legram.me/legram.me/legram.me/legram.me/legram.me/legram.me/legram.me/legram.me/legram.me/legram.me/legram.me/legram.me/legram.me/legram.me/legram.me/legram.me/legram.me/index-78.html]
[criccoder264.pages.dev/legram.me/legram.me/legram.me/legram.me/legram.me/legram.me/legram.me/legram.me/legram.me/legram.me/legram.me/legram.me/legram.me/legram.me/legram.me/legram.me/legram.me/legram.me/legram.me/index-78.html]
[criccoder264.pages.dev/DROID/mid/legram.me/legram.me/legram.me/legram.me/legram.me/legram.me/legram.me/legram.me/legram.me/legram.me/legram.me/legram.me/legram.me/legram.me/legram.me/legram.me/legram.me/legram.me/index-79.html]
[criccoder264.pages.dev/DROID/mid/legram.me/legram.me/legram.me/legram.me/legram.me/legram.me/legram.me/legram.me/legram.me/legram.me/legram.me/legram.me/legram.me/legram.me/legram.me/legram.me/legram.me/legram.me/index-79.html]
[criccoder264.pages.dev/legram.me/legram.me/legram.me/legram.me/legram.me/legram.me/legram.me/legram.me/legram.me/legram.me/legram.me/legram.me/legram.me/legram.me/legram.me/legram.me/legram.me/legram.me/legram.me/index-79.html]
[criccoder264.pages.dev/legram.me/legram.me/legram.me/legram.me/legram.me/legram.me/legram.me/legram.me/legram.me/legram.me/legram.me/legram.me/legram.me/legram.me/legram.me/legram.me/legram.me/legram.me/legram.me/index-79.html]
[criccoder264.pages.dev/DROID/mid/legram.me/legram.me/legram.me/legram.me/legram.me/legram.me/legram.me/legram.me/legram.me/legram.me/legram.me/legram.me/legram.me/legram.me/legram.me/legram.me/legram.me/legram.me/index-80.html]
[criccoder264.pages.dev/DROID/mid/legram.me/legram.me/legram.me/legram.me/legram.me/legram.me/legram.me/legram.me/legram.me/legram.me/legram.me/legram.me/legram.me/legram.me/legram.me/legram.me/legram.me/legram.me/index-80.html]
[criccoder264.pages.dev/legram.me/legram.me/legram.me/legram.me/legram.me/legram.me/legram.me/legram.me/legram.me/legram.me/legram.me/legram.me/legram.me/legram.me/legram.me/legram.me/legram.me/legram.me/legram.me/index-80.html]
[criccoder264.pages.dev/legram.me/legram.me/legram.me/legram.me/legram.me/legram.me/legram.me/legram.me/legram.me/legram.me/legram.me/legram.me/legram.me/legram.me/legram.me/legram.me/legram.me/legram.me/legram.me/index-80.html]
[criccoder264.pages.dev/DROID/mid/legram.me/legram.me/legram.me/legram.me/legram.me/legram.me/legram.me/legram.me/legram.me/legram.me/legram.me/legram.me/legram.me/legram.me/legram.me/legram.me/legram.me/legram.me/index-81.html]
[criccoder264.pages.dev/DROID/mid/legram.me/legram.me/legram.me/legram.me/legram.me/legram.me/legram.me/legram.me/legram.me/legram.me/legram.me/legram.me/legram.me/legram.me/legram.me/legram.me/legram.me/legram.me/index-81.html]
[criccoder264.pages.dev/legram.me/legram.me/legram.me/legram.me/legram.me/legram.me/legram.me/legram.me/legram.me/legram.me/legram.me/legram.me/legram.me/legram.me/legram.me/legram.me/legram.me/legram.me/legram.me/index-81.html]
[criccoder264.pages.dev/legram.me/legram.me/legram.me/legram.me/legram.me/legram.me/legram.me/legram.me/legram.me/legram.me/legram.me/legram.me/legram.me/legram.me/legram.me/legram.me/legram.me/legram.me/legram.me/index-81.html]
[criccoder264.pages.dev/DROID/mid/legram.me/legram.me/legram.me/legram.me/legram.me/legram.me/legram.me/legram.me/legram.me/legram.me/legram.me/legram.me/legram.me/legram.me/legram.me/legram.me/legram.me/legram.me/index-82.html]
[criccoder264.pages.dev/DROID/mid/legram.me/legram.me/legram.me/legram.me/legram.me/legram.me/legram.me/legram.me/legram.me/legram.me/legram.me/legram.me/legram.me/legram.me/legram.me/legram.me/legram.me/legram.me/index-82.html]
[criccoder264.pages.dev/legram.me/legram.me/legram.me/legram.me/legram.me/legram.me/legram.me/legram.me/legram.me/legram.me/legram.me/legram.me/legram.me/legram.me/legram.me/legram.me/legram.me/legram.me/legram.me/index-82.html]
[criccoder264.pages.dev/legram.me/legram.me/legram.me/legram.me/legram.me/legram.me/legram.me/legram.me/legram.me/legram.me/legram.me/legram.me/legram.me/legram.me/legram.me/legram.me/legram.me/legram.me/legram.me/index-82.html]
[criccoder264.pages.dev/DROID/mid/legram.me/legram.me/legram.me/legram.me/legram.me/legram.me/legram.me/legram.me/legram.me/legram.me/legram.me/legram.me/legram.me/legram.me/legram.me/legram.me/legram.me/legram.me/index-83.html]
[criccoder264.pages.dev/DROID/mid/legram.me/legram.me/legram.me/legram.me/legram.me/legram.me/legram.me/legram.me/legram.me/legram.me/legram.me/legram.me/legram.me/legram.me/legram.me/legram.me/legram.me/legram.me/index-83.html]
[criccoder264.pages.dev/legram.me/legram.me/legram.me/legram.me/legram.me/legram.me/legram.me/legram.me/legram.me/legram.me/legram.me/legram.me/legram.me/legram.me/legram.me/legram.me/legram.me/legram.me/legram.me/index-83.html]
[criccoder264.pages.dev/legram.me/legram.me/legram.me/legram.me/legram.me/legram.me/legram.me/legram.me/legram.me/legram.me/legram.me/legram.me/legram.me/legram.me/legram.me/legram.me/legram.me/legram.me/legram.me/index-83.html]
[criccoder264.pages.dev/DROID/mid/legram.me/legram.me/legram.me/legram.me/legram.me/legram.me/legram.me/legram.me/legram.me/legram.me/legram.me/legram.me/legram.me/legram.me/legram.me/legram.me/legram.me/legram.me/index-84.html]
[criccoder264.pages.dev/DROID/mid/legram.me/legram.me/legram.me/legram.me/legram.me/legram.me/legram.me/legram.me/legram.me/legram.me/legram.me/legram.me/legram.me/legram.me/legram.me/legram.me/legram.me/legram.me/index-84.html]
[criccoder264.pages.dev/legram.me/legram.me/legram.me/legram.me/legram.me/legram.me/legram.me/legram.me/legram.me/legram.me/legram.me/legram.me/legram.me/legram.me/legram.me/legram.me/legram.me/legram.me/legram.me/index-84.html]
[criccoder264.pages.dev/legram.me/legram.me/legram.me/legram.me/legram.me/legram.me/legram.me/legram.me/legram.me/legram.me/legram.me/legram.me/legram.me/legram.me/legram.me/legram.me/legram.me/legram.me/legram.me/index-84.html]
